{"D:\\work-now\\graduation-project\\backend\\src\\app.js": {"path":"D:\\work-now\\graduation-project\\backend\\src\\app.js","statementMap":{"0":{"start":{"line":1,"column":17},"end":{"line":1,"column":35}},"1":{"start":{"line":2,"column":13},"end":{"line":2,"column":28}},"2":{"start":{"line":3,"column":15},"end":{"line":3,"column":32}},"3":{"start":{"line":4,"column":21},"end":{"line":4,"column":45}},"4":{"start":{"line":5,"column":18},"end":{"line":5,"column":47}},"5":{"start":{"line":6,"column":20},"end":{"line":6,"column":47}},"6":{"start":{"line":7,"column":35},"end":{"line":7,"column":59}},"7":{"start":{"line":8,"column":0},"end":{"line":8,"column":27}},"8":{"start":{"line":10,"column":12},"end":{"line":10,"column":21}},"9":{"start":{"line":13,"column":0},"end":{"line":13,"column":18}},"10":{"start":{"line":16,"column":0},"end":{"line":27,"column":2}},"11":{"start":{"line":30,"column":0},"end":{"line":30,"column":24}},"12":{"start":{"line":33,"column":0},"end":{"line":33,"column":41}},"13":{"start":{"line":36,"column":0},"end":{"line":43,"column":2}},"14":{"start":{"line":46,"column":0},"end":{"line":48,"column":3}},"15":{"start":{"line":47,"column":2},"end":{"line":47,"column":28}},"16":{"start":{"line":51,"column":0},"end":{"line":54,"column":3}},"17":{"start":{"line":52,"column":2},"end":{"line":52,"column":52}},"18":{"start":{"line":53,"column":2},"end":{"line":53,"column":24}},"19":{"start":{"line":57,"column":0},"end":{"line":57,"column":61}},"20":{"start":{"line":57,"column":38},"end":{"line":57,"column":59}},"21":{"start":{"line":60,"column":0},"end":{"line":66,"column":3}},"22":{"start":{"line":61,"column":2},"end":{"line":65,"column":5}},"23":{"start":{"line":69,"column":0},"end":{"line":69,"column":54}},"24":{"start":{"line":70,"column":0},"end":{"line":70,"column":56}},"25":{"start":{"line":71,"column":0},"end":{"line":71,"column":62}},"26":{"start":{"line":72,"column":0},"end":{"line":72,"column":60}},"27":{"start":{"line":73,"column":0},"end":{"line":73,"column":68}},"28":{"start":{"line":74,"column":0},"end":{"line":74,"column":60}},"29":{"start":{"line":75,"column":0},"end":{"line":75,"column":56}},"30":{"start":{"line":76,"column":0},"end":{"line":76,"column":62}},"31":{"start":{"line":77,"column":0},"end":{"line":77,"column":66}},"32":{"start":{"line":78,"column":0},"end":{"line":78,"column":68}},"33":{"start":{"line":79,"column":0},"end":{"line":79,"column":62}},"34":{"start":{"line":80,"column":0},"end":{"line":80,"column":64}},"35":{"start":{"line":81,"column":0},"end":{"line":81,"column":50}},"36":{"start":{"line":84,"column":0},"end":{"line":84,"column":18}},"37":{"start":{"line":85,"column":0},"end":{"line":85,"column":22}},"38":{"start":{"line":87,"column":0},"end":{"line":87,"column":21}}},"fnMap":{"0":{"name":"(anonymous_0)","decl":{"start":{"line":46,"column":17},"end":{"line":46,"column":18}},"loc":{"start":{"line":46,"column":31},"end":{"line":48,"column":1}},"line":46},"1":{"name":"(anonymous_1)","decl":{"start":{"line":51,"column":26},"end":{"line":51,"column":27}},"loc":{"start":{"line":51,"column":40},"end":{"line":54,"column":1}},"line":51},"2":{"name":"(anonymous_2)","decl":{"start":{"line":57,"column":24},"end":{"line":57,"column":25}},"loc":{"start":{"line":57,"column":38},"end":{"line":57,"column":59}},"line":57},"3":{"name":"(anonymous_3)","decl":{"start":{"line":60,"column":19},"end":{"line":60,"column":20}},"loc":{"start":{"line":60,"column":33},"end":{"line":66,"column":1}},"line":60}},"branchMap":{},"s":{"0":8,"1":8,"2":8,"3":8,"4":8,"5":8,"6":8,"7":8,"8":8,"9":8,"10":8,"11":8,"12":8,"13":8,"14":8,"15":0,"16":8,"17":0,"18":0,"19":8,"20":0,"21":8,"22":1,"23":8,"24":8,"25":8,"26":8,"27":8,"28":8,"29":8,"30":8,"31":8,"32":8,"33":8,"34":8,"35":8,"36":8,"37":8,"38":8},"f":{"0":0,"1":0,"2":0,"3":1},"b":{},"_coverageSchema":"1a1c01bbd47fc00a2c39e90264f33305004495a9","hash":"7397e2cd3b1edf41f275e6fbefa06f4d3a01d975"}
,"D:\\work-now\\graduation-project\\backend\\src\\config\\constants.js": {"path":"D:\\work-now\\graduation-project\\backend\\src\\config\\constants.js","statementMap":{"0":{"start":{"line":1,"column":0},"end":{"line":45,"column":2}}},"fnMap":{},"branchMap":{},"s":{"0":9},"f":{},"b":{},"_coverageSchema":"1a1c01bbd47fc00a2c39e90264f33305004495a9","hash":"c8f5477ea681d6ab7f63334b42f8133bb0df64f1"}
,"D:\\work-now\\graduation-project\\backend\\src\\config\\env.js": {"path":"D:\\work-now\\graduation-project\\backend\\src\\config\\env.js","statementMap":{"0":{"start":{"line":1,"column":1},"end":{"line":1,"column":28}},"1":{"start":{"line":3,"column":0},"end":{"line":21,"column":2}}},"fnMap":{},"branchMap":{"0":{"loc":{"start":{"line":4,"column":8},"end":{"line":4,"column":32}},"type":"binary-expr","locations":[{"start":{"line":4,"column":8},"end":{"line":4,"column":24}},{"start":{"line":4,"column":28},"end":{"line":4,"column":32}}],"line":4},"1":{"loc":{"start":{"line":5,"column":11},"end":{"line":5,"column":48}},"type":"binary-expr","locations":[{"start":{"line":5,"column":11},"end":{"line":5,"column":31}},{"start":{"line":5,"column":35},"end":{"line":5,"column":48}}],"line":5},"2":{"loc":{"start":{"line":9,"column":15},"end":{"line":9,"column":50}},"type":"binary-expr","locations":[{"start":{"line":9,"column":15},"end":{"line":9,"column":41}},{"start":{"line":9,"column":45},"end":{"line":9,"column":50}}],"line":9},"3":{"loc":{"start":{"line":11,"column":22},"end":{"line":11,"column":64}},"type":"binary-expr","locations":[{"start":{"line":11,"column":22},"end":{"line":11,"column":56}},{"start":{"line":11,"column":60},"end":{"line":11,"column":64}}],"line":11},"4":{"loc":{"start":{"line":16,"column":15},"end":{"line":16,"column":61}},"type":"binary-expr","locations":[{"start":{"line":16,"column":15},"end":{"line":16,"column":39}},{"start":{"line":16,"column":43},"end":{"line":16,"column":61}}],"line":16},"5":{"loc":{"start":{"line":18,"column":27},"end":{"line":18,"column":78}},"type":"binary-expr","locations":[{"start":{"line":18,"column":27},"end":{"line":18,"column":72}},{"start":{"line":18,"column":76},"end":{"line":18,"column":78}}],"line":18},"6":{"loc":{"start":{"line":19,"column":26},"end":{"line":19,"column":76}},"type":"binary-expr","locations":[{"start":{"line":19,"column":26},"end":{"line":19,"column":70}},{"start":{"line":19,"column":74},"end":{"line":19,"column":76}}],"line":19}},"s":{"0":9,"1":9},"f":{},"b":{"0":[9,0],"1":[9,0],"2":[9,0],"3":[9,0],"4":[9,0],"5":[9,0],"6":[9,0]},"_coverageSchema":"1a1c01bbd47fc00a2c39e90264f33305004495a9","hash":"9e8d6fae86874ccae1427adbeab29984a31a06cb"}
,"D:\\work-now\\graduation-project\\backend\\src\\config\\swagger.js": {"path":"D:\\work-now\\graduation-project\\backend\\src\\config\\swagger.js","statementMap":{"0":{"start":{"line":1,"column":21},"end":{"line":1,"column":45}},"1":{"start":{"line":3,"column":16},"end":{"line":344,"column":1}},"2":{"start":{"line":346,"column":20},"end":{"line":346,"column":41}},"3":{"start":{"line":348,"column":0},"end":{"line":348,"column":29}}},"fnMap":{},"branchMap":{},"s":{"0":8,"1":8,"2":8,"3":8},"f":{},"b":{},"_coverageSchema":"1a1c01bbd47fc00a2c39e90264f33305004495a9","hash":"0382579afd5d5ccb184349243766781726eff2df"}
,"D:\\work-now\\graduation-project\\backend\\src\\controllers\\ai.controller.js": {"path":"D:\\work-now\\graduation-project\\backend\\src\\controllers\\ai.controller.js","statementMap":{"0":{"start":{"line":1,"column":18},"end":{"line":1,"column":51}},"1":{"start":{"line":6,"column":13},"end":{"line":50,"column":1}},"2":{"start":{"line":7,"column":20},"end":{"line":7,"column":30}},"3":{"start":{"line":8,"column":2},"end":{"line":8,"column":85}},"4":{"start":{"line":10,"column":2},"end":{"line":49,"column":3}},"5":{"start":{"line":11,"column":25},"end":{"line":11,"column":33}},"6":{"start":{"line":12,"column":17},"end":{"line":12,"column":25}},"7":{"start":{"line":14,"column":4},"end":{"line":14,"column":83}},"8":{"start":{"line":15,"column":4},"end":{"line":17,"column":5}},"9":{"start":{"line":16,"column":6},"end":{"line":16,"column":104}},"10":{"start":{"line":19,"column":4},"end":{"line":25,"column":5}},"11":{"start":{"line":20,"column":6},"end":{"line":20,"column":77}},"12":{"start":{"line":21,"column":6},"end":{"line":24,"column":9}},"13":{"start":{"line":27,"column":4},"end":{"line":27,"column":75}},"14":{"start":{"line":28,"column":17},"end":{"line":28,"column":53}},"15":{"start":{"line":30,"column":4},"end":{"line":30,"column":106}},"16":{"start":{"line":32,"column":4},"end":{"line":34,"column":5}},"17":{"start":{"line":33,"column":6},"end":{"line":33,"column":84}},"18":{"start":{"line":36,"column":4},"end":{"line":39,"column":7}},"19":{"start":{"line":42,"column":4},"end":{"line":42,"column":73}},"20":{"start":{"line":43,"column":4},"end":{"line":43,"column":31}},"21":{"start":{"line":45,"column":4},"end":{"line":48,"column":7}},"22":{"start":{"line":52,"column":0},"end":{"line":54,"column":2}}},"fnMap":{"0":{"name":"(anonymous_0)","decl":{"start":{"line":6,"column":13},"end":{"line":6,"column":14}},"loc":{"start":{"line":6,"column":33},"end":{"line":50,"column":1}},"line":6}},"branchMap":{"0":{"loc":{"start":{"line":15,"column":4},"end":{"line":17,"column":5}},"type":"if","locations":[{"start":{"line":15,"column":4},"end":{"line":17,"column":5}},{"start":{},"end":{}}],"line":15},"1":{"loc":{"start":{"line":15,"column":8},"end":{"line":15,"column":39}},"type":"binary-expr","locations":[{"start":{"line":15,"column":8},"end":{"line":15,"column":16}},{"start":{"line":15,"column":20},"end":{"line":15,"column":39}}],"line":15},"2":{"loc":{"start":{"line":19,"column":4},"end":{"line":25,"column":5}},"type":"if","locations":[{"start":{"line":19,"column":4},"end":{"line":25,"column":5}},{"start":{},"end":{}}],"line":19},"3":{"loc":{"start":{"line":19,"column":8},"end":{"line":19,"column":45}},"type":"binary-expr","locations":[{"start":{"line":19,"column":8},"end":{"line":19,"column":17}},{"start":{"line":19,"column":21},"end":{"line":19,"column":45}}],"line":19},"4":{"loc":{"start":{"line":32,"column":4},"end":{"line":34,"column":5}},"type":"if","locations":[{"start":{"line":32,"column":4},"end":{"line":34,"column":5}},{"start":{},"end":{}}],"line":32},"5":{"loc":{"start":{"line":38,"column":15},"end":{"line":38,"column":75}},"type":"binary-expr","locations":[{"start":{"line":38,"column":15},"end":{"line":38,"column":19}},{"start":{"line":38,"column":23},"end":{"line":38,"column":75}}],"line":38},"6":{"loc":{"start":{"line":47,"column":15},"end":{"line":47,"column":73}},"type":"binary-expr","locations":[{"start":{"line":47,"column":15},"end":{"line":47,"column":28}},{"start":{"line":47,"column":32},"end":{"line":47,"column":73}}],"line":47}},"s":{"0":8,"1":8,"2":2,"3":2,"4":2,"5":2,"6":2,"7":2,"8":2,"9":2,"10":2,"11":1,"12":1,"13":1,"14":1,"15":1,"16":1,"17":0,"18":1,"19":0,"20":0,"21":0,"22":8},"f":{"0":2},"b":{"0":[2,0],"1":[2,2],"2":[1,1],"3":[2,2],"4":[0,1],"5":[1,0],"6":[0,0]},"_coverageSchema":"1a1c01bbd47fc00a2c39e90264f33305004495a9","hash":"c4aa3adc3836400ad1cab70a3a7201e2bb7062bf"}
,"D:\\work-now\\graduation-project\\backend\\src\\controllers\\attendance.controller.js": {"path":"D:\\work-now\\graduation-project\\backend\\src\\controllers\\attendance.controller.js","statementMap":{"0":{"start":{"line":7,"column":4},"end":{"line":7,"column":24}},"1":{"start":{"line":8,"column":17},"end":{"line":8,"column":36}},"2":{"start":{"line":10,"column":37},"end":{"line":10,"column":67}},"3":{"start":{"line":11,"column":17},"end":{"line":11,"column":45}},"4":{"start":{"line":16,"column":4},"end":{"line":16,"column":31}},"5":{"start":{"line":22,"column":0},"end":{"line":59,"column":3}},"6":{"start":{"line":23,"column":66},"end":{"line":23,"column":75}},"7":{"start":{"line":25,"column":16},"end":{"line":25,"column":18}},"8":{"start":{"line":28,"column":2},"end":{"line":31,"column":3}},"9":{"start":{"line":29,"column":26},"end":{"line":29,"column":69}},"10":{"start":{"line":30,"column":4},"end":{"line":30,"column":60}},"11":{"start":{"line":30,"column":51},"end":{"line":30,"column":56}},"12":{"start":{"line":33,"column":2},"end":{"line":33,"column":36}},"13":{"start":{"line":33,"column":14},"end":{"line":33,"column":36}},"14":{"start":{"line":34,"column":2},"end":{"line":34,"column":36}},"15":{"start":{"line":34,"column":14},"end":{"line":34,"column":36}},"16":{"start":{"line":35,"column":2},"end":{"line":35,"column":39}},"17":{"start":{"line":35,"column":15},"end":{"line":35,"column":39}},"18":{"start":{"line":37,"column":2},"end":{"line":43,"column":3}},"19":{"start":{"line":38,"column":22},"end":{"line":38,"column":36}},"20":{"start":{"line":39,"column":4},"end":{"line":39,"column":35}},"21":{"start":{"line":40,"column":20},"end":{"line":40,"column":34}},"22":{"start":{"line":41,"column":4},"end":{"line":41,"column":38}},"23":{"start":{"line":42,"column":4},"end":{"line":42,"column":52}},"24":{"start":{"line":45,"column":16},"end":{"line":45,"column":60}},"25":{"start":{"line":46,"column":18},"end":{"line":53,"column":38}},"26":{"start":{"line":55,"column":2},"end":{"line":58,"column":5}},"27":{"start":{"line":65,"column":0},"end":{"line":89,"column":3}},"28":{"start":{"line":66,"column":55},"end":{"line":66,"column":64}},"29":{"start":{"line":68,"column":16},"end":{"line":68,"column":41}},"30":{"start":{"line":70,"column":2},"end":{"line":74,"column":3}},"31":{"start":{"line":71,"column":4},"end":{"line":71,"column":20}},"32":{"start":{"line":72,"column":4},"end":{"line":72,"column":57}},"33":{"start":{"line":72,"column":19},"end":{"line":72,"column":57}},"34":{"start":{"line":73,"column":4},"end":{"line":73,"column":53}},"35":{"start":{"line":73,"column":17},"end":{"line":73,"column":53}},"36":{"start":{"line":76,"column":16},"end":{"line":76,"column":60}},"37":{"start":{"line":77,"column":18},"end":{"line":83,"column":23}},"38":{"start":{"line":85,"column":2},"end":{"line":88,"column":5}},"39":{"start":{"line":95,"column":0},"end":{"line":129,"column":3}},"40":{"start":{"line":96,"column":23},"end":{"line":96,"column":33}},"41":{"start":{"line":98,"column":18},"end":{"line":104,"column":23}},"42":{"start":{"line":106,"column":17},"end":{"line":106,"column":68}},"43":{"start":{"line":108,"column":24},"end":{"line":108,"column":38}},"44":{"start":{"line":109,"column":26},"end":{"line":111,"column":10}},"45":{"start":{"line":110,"column":11},"end":{"line":110,"column":49}},"46":{"start":{"line":113,"column":2},"end":{"line":128,"column":5}},"47":{"start":{"line":135,"column":0},"end":{"line":161,"column":3}},"48":{"start":{"line":136,"column":24},"end":{"line":136,"column":34}},"49":{"start":{"line":137,"column":19},"end":{"line":137,"column":28}},"50":{"start":{"line":139,"column":16},"end":{"line":139,"column":38}},"51":{"start":{"line":141,"column":2},"end":{"line":150,"column":3}},"52":{"start":{"line":142,"column":22},"end":{"line":142,"column":36}},"53":{"start":{"line":143,"column":4},"end":{"line":143,"column":35}},"54":{"start":{"line":144,"column":20},"end":{"line":144,"column":34}},"55":{"start":{"line":145,"column":4},"end":{"line":145,"column":38}},"56":{"start":{"line":146,"column":4},"end":{"line":146,"column":52}},"57":{"start":{"line":149,"column":4},"end":{"line":149,"column":32}},"58":{"start":{"line":152,"column":18},"end":{"line":154,"column":37}},"59":{"start":{"line":156,"column":2},"end":{"line":160,"column":5}},"60":{"start":{"line":167,"column":0},"end":{"line":201,"column":3}},"61":{"start":{"line":168,"column":21},"end":{"line":168,"column":31}},"62":{"start":{"line":171,"column":19},"end":{"line":174,"column":42}},"63":{"start":{"line":177,"column":16},"end":{"line":177,"column":30}},"64":{"start":{"line":178,"column":18},"end":{"line":182,"column":42}},"65":{"start":{"line":184,"column":2},"end":{"line":200,"column":5}},"66":{"start":{"line":188,"column":37},"end":{"line":192,"column":7}},"67":{"start":{"line":194,"column":35},"end":{"line":198,"column":7}},"68":{"start":{"line":207,"column":0},"end":{"line":305,"column":3}},"69":{"start":{"line":208,"column":47},"end":{"line":208,"column":56}},"70":{"start":{"line":210,"column":21},"end":{"line":210,"column":42}},"71":{"start":{"line":211,"column":2},"end":{"line":217,"column":3}},"72":{"start":{"line":216,"column":4},"end":{"line":216,"column":62}},"73":{"start":{"line":220,"column":2},"end":{"line":225,"column":3}},"74":{"start":{"line":221,"column":26},"end":{"line":223,"column":5}},"75":{"start":{"line":224,"column":4},"end":{"line":224,"column":65}},"76":{"start":{"line":224,"column":56},"end":{"line":224,"column":61}},"77":{"start":{"line":227,"column":21},"end":{"line":262,"column":4}},"78":{"start":{"line":265,"column":21},"end":{"line":265,"column":53}},"79":{"start":{"line":265,"column":43},"end":{"line":265,"column":52}},"80":{"start":{"line":266,"column":20},"end":{"line":266,"column":51}},"81":{"start":{"line":266,"column":42},"end":{"line":266,"column":50}},"82":{"start":{"line":268,"column":30},"end":{"line":273,"column":4}},"83":{"start":{"line":275,"column":22},"end":{"line":275,"column":24}},"84":{"start":{"line":276,"column":2},"end":{"line":278,"column":5}},"85":{"start":{"line":277,"column":4},"end":{"line":277,"column":38}},"86":{"start":{"line":280,"column":21},"end":{"line":280,"column":23}},"87":{"start":{"line":281,"column":2},"end":{"line":283,"column":5}},"88":{"start":{"line":282,"column":4},"end":{"line":282,"column":37}},"89":{"start":{"line":285,"column":17},"end":{"line":298,"column":5}},"90":{"start":{"line":285,"column":40},"end":{"line":298,"column":3}},"91":{"start":{"line":300,"column":2},"end":{"line":304,"column":5}},"92":{"start":{"line":311,"column":0},"end":{"line":340,"column":3}},"93":{"start":{"line":312,"column":29},"end":{"line":312,"column":37}},"94":{"start":{"line":314,"column":2},"end":{"line":318,"column":3}},"95":{"start":{"line":315,"column":4},"end":{"line":317,"column":6}},"96":{"start":{"line":320,"column":17},"end":{"line":320,"column":63}},"97":{"start":{"line":321,"column":2},"end":{"line":323,"column":3}},"98":{"start":{"line":322,"column":4},"end":{"line":322,"column":59}},"99":{"start":{"line":325,"column":2},"end":{"line":325,"column":25}},"100":{"start":{"line":326,"column":2},"end":{"line":326,"column":49}},"101":{"start":{"line":326,"column":14},"end":{"line":326,"column":49}},"102":{"start":{"line":327,"column":2},"end":{"line":327,"column":35}},"103":{"start":{"line":328,"column":2},"end":{"line":328,"column":33}},"104":{"start":{"line":329,"column":2},"end":{"line":329,"column":22}},"105":{"start":{"line":331,"column":26},"end":{"line":334,"column":45}},"106":{"start":{"line":336,"column":2},"end":{"line":339,"column":5}},"107":{"start":{"line":346,"column":0},"end":{"line":372,"column":3}},"108":{"start":{"line":347,"column":21},"end":{"line":347,"column":29}},"109":{"start":{"line":349,"column":2},"end":{"line":351,"column":3}},"110":{"start":{"line":350,"column":4},"end":{"line":350,"column":52}},"111":{"start":{"line":353,"column":17},"end":{"line":353,"column":63}},"112":{"start":{"line":354,"column":2},"end":{"line":356,"column":3}},"113":{"start":{"line":355,"column":4},"end":{"line":355,"column":59}},"114":{"start":{"line":358,"column":2},"end":{"line":358,"column":28}},"115":{"start":{"line":359,"column":2},"end":{"line":359,"column":37}},"116":{"start":{"line":360,"column":2},"end":{"line":360,"column":35}},"117":{"start":{"line":361,"column":2},"end":{"line":361,"column":33}},"118":{"start":{"line":362,"column":2},"end":{"line":362,"column":22}},"119":{"start":{"line":364,"column":26},"end":{"line":366,"column":36}},"120":{"start":{"line":368,"column":2},"end":{"line":371,"column":5}},"121":{"start":{"line":378,"column":0},"end":{"line":442,"column":3}},"122":{"start":{"line":379,"column":23},"end":{"line":379,"column":33}},"123":{"start":{"line":380,"column":35},"end":{"line":380,"column":44}},"124":{"start":{"line":382,"column":17},"end":{"line":382,"column":77}},"125":{"start":{"line":384,"column":2},"end":{"line":386,"column":3}},"126":{"start":{"line":385,"column":4},"end":{"line":385,"column":48}},"127":{"start":{"line":388,"column":16},"end":{"line":388,"column":38}},"128":{"start":{"line":389,"column":21},"end":{"line":389,"column":59}},"129":{"start":{"line":390,"column":19},"end":{"line":390,"column":47}},"130":{"start":{"line":391,"column":30},"end":{"line":391,"column":73}},"131":{"start":{"line":393,"column":19},"end":{"line":393,"column":21}},"132":{"start":{"line":394,"column":2},"end":{"line":429,"column":3}},"133":{"start":{"line":395,"column":20},"end":{"line":395,"column":75}},"134":{"start":{"line":396,"column":4},"end":{"line":396,"column":27}},"135":{"start":{"line":396,"column":18},"end":{"line":396,"column":27}},"136":{"start":{"line":398,"column":25},"end":{"line":402,"column":6}},"137":{"start":{"line":404,"column":27},"end":{"line":409,"column":6}},"138":{"start":{"line":411,"column":26},"end":{"line":411,"column":55}},"139":{"start":{"line":413,"column":6},"end":{"line":413,"column":78}},"140":{"start":{"line":415,"column":4},"end":{"line":428,"column":7}},"141":{"start":{"line":431,"column":2},"end":{"line":441,"column":5}},"142":{"start":{"line":448,"column":0},"end":{"line":493,"column":3}},"143":{"start":{"line":449,"column":23},"end":{"line":449,"column":33}},"144":{"start":{"line":450,"column":29},"end":{"line":450,"column":38}},"145":{"start":{"line":452,"column":17},"end":{"line":454,"column":33}},"146":{"start":{"line":456,"column":2},"end":{"line":458,"column":3}},"147":{"start":{"line":457,"column":4},"end":{"line":457,"column":48}},"148":{"start":{"line":462,"column":4},"end":{"line":462,"column":69}},"149":{"start":{"line":464,"column":2},"end":{"line":485,"column":3}},"150":{"start":{"line":465,"column":25},"end":{"line":469,"column":6}},"151":{"start":{"line":471,"column":27},"end":{"line":476,"column":6}},"152":{"start":{"line":478,"column":26},"end":{"line":478,"column":55}},"153":{"start":{"line":480,"column":6},"end":{"line":480,"column":78}},"154":{"start":{"line":483,"column":6},"end":{"line":483,"column":71}},"155":{"start":{"line":484,"column":4},"end":{"line":484,"column":113}},"156":{"start":{"line":487,"column":2},"end":{"line":487,"column":44}},"157":{"start":{"line":488,"column":2},"end":{"line":491,"column":4}},"158":{"start":{"line":492,"column":2},"end":{"line":492,"column":35}},"159":{"start":{"line":499,"column":0},"end":{"line":542,"column":3}},"160":{"start":{"line":500,"column":19},"end":{"line":500,"column":28}},"161":{"start":{"line":502,"column":21},"end":{"line":502,"column":55}},"162":{"start":{"line":503,"column":21},"end":{"line":503,"column":41}},"163":{"start":{"line":504,"column":2},"end":{"line":504,"column":34}},"164":{"start":{"line":505,"column":19},"end":{"line":505,"column":39}},"165":{"start":{"line":506,"column":2},"end":{"line":506,"column":37}},"166":{"start":{"line":508,"column":16},"end":{"line":511,"column":3}},"167":{"start":{"line":514,"column":2},"end":{"line":517,"column":3}},"168":{"start":{"line":515,"column":26},"end":{"line":515,"column":69}},"169":{"start":{"line":516,"column":4},"end":{"line":516,"column":60}},"170":{"start":{"line":516,"column":51},"end":{"line":516,"column":56}},"171":{"start":{"line":519,"column":23},"end":{"line":519,"column":67}},"172":{"start":{"line":520,"column":25},"end":{"line":523,"column":4}},"173":{"start":{"line":524,"column":24},"end":{"line":527,"column":4}},"174":{"start":{"line":529,"column":2},"end":{"line":541,"column":5}},"175":{"start":{"line":548,"column":0},"end":{"line":612,"column":3}},"176":{"start":{"line":549,"column":24},"end":{"line":549,"column":33}},"177":{"start":{"line":551,"column":20},"end":{"line":551,"column":64}},"178":{"start":{"line":552,"column":2},"end":{"line":552,"column":33}},"179":{"start":{"line":554,"column":2},"end":{"line":554,"column":62}},"180":{"start":{"line":556,"column":18},"end":{"line":556,"column":37}},"181":{"start":{"line":557,"column":2},"end":{"line":557,"column":41}},"182":{"start":{"line":558,"column":2},"end":{"line":558,"column":36}},"183":{"start":{"line":560,"column":16},"end":{"line":563,"column":3}},"184":{"start":{"line":566,"column":2},"end":{"line":569,"column":3}},"185":{"start":{"line":567,"column":26},"end":{"line":567,"column":69}},"186":{"start":{"line":568,"column":4},"end":{"line":568,"column":60}},"187":{"start":{"line":568,"column":51},"end":{"line":568,"column":56}},"188":{"start":{"line":572,"column":20},"end":{"line":572,"column":22}},"189":{"start":{"line":573,"column":2},"end":{"line":594,"column":3}},"190":{"start":{"line":573,"column":15},"end":{"line":573,"column":16}},"191":{"start":{"line":574,"column":21},"end":{"line":574,"column":40}},"192":{"start":{"line":575,"column":4},"end":{"line":575,"column":45}},"193":{"start":{"line":576,"column":19},"end":{"line":576,"column":37}},"194":{"start":{"line":577,"column":4},"end":{"line":577,"column":37}},"195":{"start":{"line":579,"column":21},"end":{"line":579,"column":73}},"196":{"start":{"line":580,"column":18},"end":{"line":580,"column":65}},"197":{"start":{"line":581,"column":20},"end":{"line":584,"column":6}},"198":{"start":{"line":586,"column":4},"end":{"line":593,"column":7}},"199":{"start":{"line":596,"column":19},"end":{"line":596,"column":65}},"200":{"start":{"line":596,"column":48},"end":{"line":596,"column":61}},"201":{"start":{"line":597,"column":21},"end":{"line":597,"column":69}},"202":{"start":{"line":597,"column":50},"end":{"line":597,"column":65}},"203":{"start":{"line":599,"column":2},"end":{"line":611,"column":5}},"204":{"start":{"line":618,"column":0},"end":{"line":689,"column":3}},"205":{"start":{"line":620,"column":18},"end":{"line":620,"column":70}},"206":{"start":{"line":622,"column":2},"end":{"line":630,"column":3}},"207":{"start":{"line":623,"column":4},"end":{"line":629,"column":7}},"208":{"start":{"line":633,"column":18},"end":{"line":636,"column":31}},"209":{"start":{"line":638,"column":2},"end":{"line":646,"column":3}},"210":{"start":{"line":639,"column":4},"end":{"line":645,"column":7}},"211":{"start":{"line":649,"column":28},"end":{"line":649,"column":29}},"212":{"start":{"line":650,"column":25},"end":{"line":650,"column":54}},"213":{"start":{"line":652,"column":2},"end":{"line":665,"column":3}},"214":{"start":{"line":653,"column":19},"end":{"line":653,"column":76}},"215":{"start":{"line":654,"column":4},"end":{"line":664,"column":5}},"216":{"start":{"line":655,"column":6},"end":{"line":655,"column":39}},"217":{"start":{"line":657,"column":25},"end":{"line":657,"column":26}},"218":{"start":{"line":658,"column":6},"end":{"line":662,"column":7}},"219":{"start":{"line":659,"column":24},"end":{"line":659,"column":43}},"220":{"start":{"line":660,"column":25},"end":{"line":660,"column":71}},"221":{"start":{"line":661,"column":8},"end":{"line":661,"column":72}},"222":{"start":{"line":663,"column":6},"end":{"line":663,"column":53}},"223":{"start":{"line":668,"column":21},"end":{"line":670,"column":8}},"224":{"start":{"line":672,"column":2},"end":{"line":688,"column":5}}},"fnMap":{"0":{"name":"(anonymous_0)","decl":{"start":{"line":22,"column":38},"end":{"line":22,"column":39}},"loc":{"start":{"line":22,"column":64},"end":{"line":59,"column":1}},"line":22},"1":{"name":"(anonymous_1)","decl":{"start":{"line":30,"column":44},"end":{"line":30,"column":45}},"loc":{"start":{"line":30,"column":51},"end":{"line":30,"column":56}},"line":30},"2":{"name":"(anonymous_2)","decl":{"start":{"line":65,"column":37},"end":{"line":65,"column":38}},"loc":{"start":{"line":65,"column":63},"end":{"line":89,"column":1}},"line":65},"3":{"name":"(anonymous_3)","decl":{"start":{"line":95,"column":46},"end":{"line":95,"column":47}},"loc":{"start":{"line":95,"column":72},"end":{"line":129,"column":1}},"line":95},"4":{"name":"(anonymous_4)","decl":{"start":{"line":110,"column":4},"end":{"line":110,"column":5}},"loc":{"start":{"line":110,"column":11},"end":{"line":110,"column":49}},"line":110},"5":{"name":"(anonymous_5)","decl":{"start":{"line":135,"column":42},"end":{"line":135,"column":43}},"loc":{"start":{"line":135,"column":68},"end":{"line":161,"column":1}},"line":135},"6":{"name":"(anonymous_6)","decl":{"start":{"line":167,"column":39},"end":{"line":167,"column":40}},"loc":{"start":{"line":167,"column":65},"end":{"line":201,"column":1}},"line":167},"7":{"name":"(anonymous_7)","decl":{"start":{"line":188,"column":29},"end":{"line":188,"column":30}},"loc":{"start":{"line":188,"column":37},"end":{"line":192,"column":7}},"line":188},"8":{"name":"(anonymous_8)","decl":{"start":{"line":194,"column":27},"end":{"line":194,"column":28}},"loc":{"start":{"line":194,"column":35},"end":{"line":198,"column":7}},"line":194},"9":{"name":"(anonymous_9)","decl":{"start":{"line":207,"column":39},"end":{"line":207,"column":40}},"loc":{"start":{"line":207,"column":65},"end":{"line":305,"column":1}},"line":207},"10":{"name":"(anonymous_10)","decl":{"start":{"line":224,"column":49},"end":{"line":224,"column":50}},"loc":{"start":{"line":224,"column":56},"end":{"line":224,"column":61}},"line":224},"11":{"name":"(anonymous_11)","decl":{"start":{"line":265,"column":36},"end":{"line":265,"column":37}},"loc":{"start":{"line":265,"column":43},"end":{"line":265,"column":52}},"line":265},"12":{"name":"(anonymous_12)","decl":{"start":{"line":266,"column":35},"end":{"line":266,"column":36}},"loc":{"start":{"line":266,"column":42},"end":{"line":266,"column":50}},"line":266},"13":{"name":"(anonymous_13)","decl":{"start":{"line":276,"column":19},"end":{"line":276,"column":20}},"loc":{"start":{"line":276,"column":26},"end":{"line":278,"column":3}},"line":276},"14":{"name":"(anonymous_14)","decl":{"start":{"line":281,"column":18},"end":{"line":281,"column":19}},"loc":{"start":{"line":281,"column":25},"end":{"line":283,"column":3}},"line":281},"15":{"name":"(anonymous_15)","decl":{"start":{"line":285,"column":32},"end":{"line":285,"column":33}},"loc":{"start":{"line":285,"column":40},"end":{"line":298,"column":3}},"line":285},"16":{"name":"(anonymous_16)","decl":{"start":{"line":311,"column":44},"end":{"line":311,"column":45}},"loc":{"start":{"line":311,"column":70},"end":{"line":340,"column":1}},"line":311},"17":{"name":"(anonymous_17)","decl":{"start":{"line":346,"column":33},"end":{"line":346,"column":34}},"loc":{"start":{"line":346,"column":59},"end":{"line":372,"column":1}},"line":346},"18":{"name":"(anonymous_18)","decl":{"start":{"line":378,"column":47},"end":{"line":378,"column":48}},"loc":{"start":{"line":378,"column":73},"end":{"line":442,"column":1}},"line":378},"19":{"name":"(anonymous_19)","decl":{"start":{"line":448,"column":44},"end":{"line":448,"column":45}},"loc":{"start":{"line":448,"column":70},"end":{"line":493,"column":1}},"line":448},"20":{"name":"(anonymous_20)","decl":{"start":{"line":499,"column":37},"end":{"line":499,"column":38}},"loc":{"start":{"line":499,"column":63},"end":{"line":542,"column":1}},"line":499},"21":{"name":"(anonymous_21)","decl":{"start":{"line":516,"column":44},"end":{"line":516,"column":45}},"loc":{"start":{"line":516,"column":51},"end":{"line":516,"column":56}},"line":516},"22":{"name":"(anonymous_22)","decl":{"start":{"line":548,"column":38},"end":{"line":548,"column":39}},"loc":{"start":{"line":548,"column":64},"end":{"line":612,"column":1}},"line":548},"23":{"name":"(anonymous_23)","decl":{"start":{"line":568,"column":44},"end":{"line":568,"column":45}},"loc":{"start":{"line":568,"column":51},"end":{"line":568,"column":56}},"line":568},"24":{"name":"(anonymous_24)","decl":{"start":{"line":596,"column":36},"end":{"line":596,"column":37}},"loc":{"start":{"line":596,"column":48},"end":{"line":596,"column":61}},"line":596},"25":{"name":"(anonymous_25)","decl":{"start":{"line":597,"column":38},"end":{"line":597,"column":39}},"loc":{"start":{"line":597,"column":50},"end":{"line":597,"column":65}},"line":597},"26":{"name":"(anonymous_26)","decl":{"start":{"line":618,"column":40},"end":{"line":618,"column":41}},"loc":{"start":{"line":618,"column":66},"end":{"line":689,"column":1}},"line":618}},"branchMap":{"0":{"loc":{"start":{"line":23,"column":41},"end":{"line":23,"column":49}},"type":"default-arg","locations":[{"start":{"line":23,"column":48},"end":{"line":23,"column":49}}],"line":23},"1":{"loc":{"start":{"line":23,"column":51},"end":{"line":23,"column":61}},"type":"default-arg","locations":[{"start":{"line":23,"column":59},"end":{"line":23,"column":61}}],"line":23},"2":{"loc":{"start":{"line":28,"column":2},"end":{"line":31,"column":3}},"type":"if","locations":[{"start":{"line":28,"column":2},"end":{"line":31,"column":3}},{"start":{},"end":{}}],"line":28},"3":{"loc":{"start":{"line":33,"column":2},"end":{"line":33,"column":36}},"type":"if","locations":[{"start":{"line":33,"column":2},"end":{"line":33,"column":36}},{"start":{},"end":{}}],"line":33},"4":{"loc":{"start":{"line":34,"column":2},"end":{"line":34,"column":36}},"type":"if","locations":[{"start":{"line":34,"column":2},"end":{"line":34,"column":36}},{"start":{},"end":{}}],"line":34},"5":{"loc":{"start":{"line":35,"column":2},"end":{"line":35,"column":39}},"type":"if","locations":[{"start":{"line":35,"column":2},"end":{"line":35,"column":39}},{"start":{},"end":{}}],"line":35},"6":{"loc":{"start":{"line":37,"column":2},"end":{"line":43,"column":3}},"type":"if","locations":[{"start":{"line":37,"column":2},"end":{"line":43,"column":3}},{"start":{},"end":{}}],"line":37},"7":{"loc":{"start":{"line":66,"column":10},"end":{"line":66,"column":18}},"type":"default-arg","locations":[{"start":{"line":66,"column":17},"end":{"line":66,"column":18}}],"line":66},"8":{"loc":{"start":{"line":66,"column":20},"end":{"line":66,"column":30}},"type":"default-arg","locations":[{"start":{"line":66,"column":28},"end":{"line":66,"column":30}}],"line":66},"9":{"loc":{"start":{"line":70,"column":2},"end":{"line":74,"column":3}},"type":"if","locations":[{"start":{"line":70,"column":2},"end":{"line":74,"column":3}},{"start":{},"end":{}}],"line":70},"10":{"loc":{"start":{"line":70,"column":6},"end":{"line":70,"column":26}},"type":"binary-expr","locations":[{"start":{"line":70,"column":6},"end":{"line":70,"column":15}},{"start":{"line":70,"column":19},"end":{"line":70,"column":26}}],"line":70},"11":{"loc":{"start":{"line":72,"column":4},"end":{"line":72,"column":57}},"type":"if","locations":[{"start":{"line":72,"column":4},"end":{"line":72,"column":57}},{"start":{},"end":{}}],"line":72},"12":{"loc":{"start":{"line":73,"column":4},"end":{"line":73,"column":53}},"type":"if","locations":[{"start":{"line":73,"column":4},"end":{"line":73,"column":53}},{"start":{},"end":{}}],"line":73},"13":{"loc":{"start":{"line":122,"column":10},"end":{"line":124,"column":15}},"type":"cond-expr","locations":[{"start":{"line":123,"column":14},"end":{"line":123,"column":65}},{"start":{"line":124,"column":14},"end":{"line":124,"column":15}}],"line":122},"14":{"loc":{"start":{"line":141,"column":2},"end":{"line":150,"column":3}},"type":"if","locations":[{"start":{"line":141,"column":2},"end":{"line":150,"column":3}},{"start":{"line":147,"column":9},"end":{"line":150,"column":3}}],"line":141},"15":{"loc":{"start":{"line":208,"column":28},"end":{"line":208,"column":42}},"type":"default-arg","locations":[{"start":{"line":208,"column":40},"end":{"line":208,"column":42}}],"line":208},"16":{"loc":{"start":{"line":211,"column":2},"end":{"line":217,"column":3}},"type":"if","locations":[{"start":{"line":211,"column":2},"end":{"line":217,"column":3}},{"start":{},"end":{}}],"line":211},"17":{"loc":{"start":{"line":212,"column":4},"end":{"line":214,"column":45}},"type":"binary-expr","locations":[{"start":{"line":212,"column":4},"end":{"line":212,"column":12}},{"start":{"line":213,"column":4},"end":{"line":213,"column":22}},{"start":{"line":214,"column":4},"end":{"line":214,"column":45}}],"line":212},"18":{"loc":{"start":{"line":220,"column":2},"end":{"line":225,"column":3}},"type":"if","locations":[{"start":{"line":220,"column":2},"end":{"line":225,"column":3}},{"start":{},"end":{}}],"line":220},"19":{"loc":{"start":{"line":286,"column":13},"end":{"line":289,"column":5}},"type":"binary-expr","locations":[{"start":{"line":286,"column":13},"end":{"line":286,"column":46}},{"start":{"line":286,"column":50},"end":{"line":289,"column":5}}],"line":286},"20":{"loc":{"start":{"line":290,"column":12},"end":{"line":293,"column":5}},"type":"binary-expr","locations":[{"start":{"line":290,"column":12},"end":{"line":290,"column":43}},{"start":{"line":290,"column":47},"end":{"line":293,"column":5}}],"line":290},"21":{"loc":{"start":{"line":314,"column":2},"end":{"line":318,"column":3}},"type":"if","locations":[{"start":{"line":314,"column":2},"end":{"line":318,"column":3}},{"start":{},"end":{}}],"line":314},"22":{"loc":{"start":{"line":314,"column":6},"end":{"line":314,"column":75}},"type":"binary-expr","locations":[{"start":{"line":314,"column":6},"end":{"line":314,"column":13}},{"start":{"line":314,"column":17},"end":{"line":314,"column":75}}],"line":314},"23":{"loc":{"start":{"line":321,"column":2},"end":{"line":323,"column":3}},"type":"if","locations":[{"start":{"line":321,"column":2},"end":{"line":323,"column":3}},{"start":{},"end":{}}],"line":321},"24":{"loc":{"start":{"line":326,"column":2},"end":{"line":326,"column":49}},"type":"if","locations":[{"start":{"line":326,"column":2},"end":{"line":326,"column":49}},{"start":{},"end":{}}],"line":326},"25":{"loc":{"start":{"line":349,"column":2},"end":{"line":351,"column":3}},"type":"if","locations":[{"start":{"line":349,"column":2},"end":{"line":351,"column":3}},{"start":{},"end":{}}],"line":349},"26":{"loc":{"start":{"line":354,"column":2},"end":{"line":356,"column":3}},"type":"if","locations":[{"start":{"line":354,"column":2},"end":{"line":356,"column":3}},{"start":{},"end":{}}],"line":354},"27":{"loc":{"start":{"line":380,"column":10},"end":{"line":380,"column":18}},"type":"default-arg","locations":[{"start":{"line":380,"column":17},"end":{"line":380,"column":18}}],"line":380},"28":{"loc":{"start":{"line":380,"column":20},"end":{"line":380,"column":30}},"type":"default-arg","locations":[{"start":{"line":380,"column":28},"end":{"line":380,"column":30}}],"line":380},"29":{"loc":{"start":{"line":384,"column":2},"end":{"line":386,"column":3}},"type":"if","locations":[{"start":{"line":384,"column":2},"end":{"line":386,"column":3}},{"start":{},"end":{}}],"line":384},"30":{"loc":{"start":{"line":396,"column":4},"end":{"line":396,"column":27}},"type":"if","locations":[{"start":{"line":396,"column":4},"end":{"line":396,"column":27}},{"start":{},"end":{}}],"line":396},"31":{"loc":{"start":{"line":413,"column":6},"end":{"line":413,"column":78}},"type":"cond-expr","locations":[{"start":{"line":413,"column":25},"end":{"line":413,"column":74}},{"start":{"line":413,"column":77},"end":{"line":413,"column":78}}],"line":413},"32":{"loc":{"start":{"line":450,"column":10},"end":{"line":450,"column":24}},"type":"default-arg","locations":[{"start":{"line":450,"column":19},"end":{"line":450,"column":24}}],"line":450},"33":{"loc":{"start":{"line":456,"column":2},"end":{"line":458,"column":3}},"type":"if","locations":[{"start":{"line":456,"column":2},"end":{"line":458,"column":3}},{"start":{},"end":{}}],"line":456},"34":{"loc":{"start":{"line":480,"column":6},"end":{"line":480,"column":78}},"type":"cond-expr","locations":[{"start":{"line":480,"column":25},"end":{"line":480,"column":74}},{"start":{"line":480,"column":77},"end":{"line":480,"column":78}}],"line":480},"35":{"loc":{"start":{"line":483,"column":9},"end":{"line":483,"column":34}},"type":"binary-expr","locations":[{"start":{"line":483,"column":9},"end":{"line":483,"column":28}},{"start":{"line":483,"column":32},"end":{"line":483,"column":34}}],"line":483},"36":{"loc":{"start":{"line":483,"column":38},"end":{"line":483,"column":62}},"type":"binary-expr","locations":[{"start":{"line":483,"column":38},"end":{"line":483,"column":56}},{"start":{"line":483,"column":60},"end":{"line":483,"column":62}}],"line":483},"37":{"loc":{"start":{"line":502,"column":21},"end":{"line":502,"column":55}},"type":"cond-expr","locations":[{"start":{"line":502,"column":28},"end":{"line":502,"column":42}},{"start":{"line":502,"column":45},"end":{"line":502,"column":55}}],"line":502},"38":{"loc":{"start":{"line":514,"column":2},"end":{"line":517,"column":3}},"type":"if","locations":[{"start":{"line":514,"column":2},"end":{"line":517,"column":3}},{"start":{},"end":{}}],"line":514},"39":{"loc":{"start":{"line":537,"column":8},"end":{"line":539,"column":13}},"type":"cond-expr","locations":[{"start":{"line":538,"column":12},"end":{"line":538,"column":61}},{"start":{"line":539,"column":12},"end":{"line":539,"column":13}}],"line":537},"40":{"loc":{"start":{"line":551,"column":20},"end":{"line":551,"column":64}},"type":"cond-expr","locations":[{"start":{"line":551,"column":32},"end":{"line":551,"column":51}},{"start":{"line":551,"column":54},"end":{"line":551,"column":64}}],"line":551},"41":{"loc":{"start":{"line":566,"column":2},"end":{"line":569,"column":3}},"type":"if","locations":[{"start":{"line":566,"column":2},"end":{"line":569,"column":3}},{"start":{},"end":{}}],"line":566},"42":{"loc":{"start":{"line":592,"column":22},"end":{"line":592,"column":73}},"type":"cond-expr","locations":[{"start":{"line":592,"column":34},"end":{"line":592,"column":69}},{"start":{"line":592,"column":72},"end":{"line":592,"column":73}}],"line":592},"43":{"loc":{"start":{"line":608,"column":8},"end":{"line":608,"column":68}},"type":"cond-expr","locations":[{"start":{"line":608,"column":23},"end":{"line":608,"column":64}},{"start":{"line":608,"column":67},"end":{"line":608,"column":68}}],"line":608},"44":{"loc":{"start":{"line":622,"column":2},"end":{"line":630,"column":3}},"type":"if","locations":[{"start":{"line":622,"column":2},"end":{"line":630,"column":3}},{"start":{},"end":{}}],"line":622},"45":{"loc":{"start":{"line":622,"column":6},"end":{"line":622,"column":41}},"type":"binary-expr","locations":[{"start":{"line":622,"column":6},"end":{"line":622,"column":14}},{"start":{"line":622,"column":18},"end":{"line":622,"column":41}}],"line":622},"46":{"loc":{"start":{"line":638,"column":2},"end":{"line":646,"column":3}},"type":"if","locations":[{"start":{"line":638,"column":2},"end":{"line":646,"column":3}},{"start":{},"end":{}}],"line":638},"47":{"loc":{"start":{"line":652,"column":2},"end":{"line":665,"column":3}},"type":"if","locations":[{"start":{"line":652,"column":2},"end":{"line":665,"column":3}},{"start":{},"end":{}}],"line":652},"48":{"loc":{"start":{"line":654,"column":4},"end":{"line":664,"column":5}},"type":"if","locations":[{"start":{"line":654,"column":4},"end":{"line":664,"column":5}},{"start":{},"end":{}}],"line":654},"49":{"loc":{"start":{"line":660,"column":25},"end":{"line":660,"column":71}},"type":"cond-expr","locations":[{"start":{"line":660,"column":38},"end":{"line":660,"column":58}},{"start":{"line":660,"column":61},"end":{"line":660,"column":71}}],"line":660},"50":{"loc":{"start":{"line":668,"column":21},"end":{"line":670,"column":8}},"type":"cond-expr","locations":[{"start":{"line":669,"column":6},"end":{"line":669,"column":85}},{"start":{"line":670,"column":6},"end":{"line":670,"column":8}}],"line":668},"51":{"loc":{"start":{"line":669,"column":9},"end":{"line":669,"column":41}},"type":"binary-expr","locations":[{"start":{"line":669,"column":9},"end":{"line":669,"column":35}},{"start":{"line":669,"column":39},"end":{"line":669,"column":41}}],"line":669},"52":{"loc":{"start":{"line":669,"column":45},"end":{"line":669,"column":76}},"type":"binary-expr","locations":[{"start":{"line":669,"column":45},"end":{"line":669,"column":70}},{"start":{"line":669,"column":74},"end":{"line":669,"column":76}}],"line":669},"53":{"loc":{"start":{"line":677,"column":18},"end":{"line":677,"column":42}},"type":"binary-expr","locations":[{"start":{"line":677,"column":18},"end":{"line":677,"column":36}},{"start":{"line":677,"column":40},"end":{"line":677,"column":42}}],"line":677},"54":{"loc":{"start":{"line":678,"column":20},"end":{"line":678,"column":46}},"type":"binary-expr","locations":[{"start":{"line":678,"column":20},"end":{"line":678,"column":40}},{"start":{"line":678,"column":44},"end":{"line":678,"column":46}}],"line":678},"55":{"loc":{"start":{"line":679,"column":20},"end":{"line":679,"column":46}},"type":"binary-expr","locations":[{"start":{"line":679,"column":20},"end":{"line":679,"column":40}},{"start":{"line":679,"column":44},"end":{"line":679,"column":46}}],"line":679}},"s":{"0":8,"1":8,"2":8,"3":8,"4":8,"5":8,"6":0,"7":0,"8":0,"9":0,"10":0,"11":0,"12":0,"13":0,"14":0,"15":0,"16":0,"17":0,"18":0,"19":0,"20":0,"21":0,"22":0,"23":0,"24":0,"25":0,"26":0,"27":8,"28":1,"29":1,"30":1,"31":0,"32":0,"33":0,"34":0,"35":0,"36":1,"37":1,"38":1,"39":8,"40":0,"41":0,"42":0,"43":0,"44":0,"45":0,"46":0,"47":8,"48":0,"49":0,"50":0,"51":0,"52":0,"53":0,"54":0,"55":0,"56":0,"57":0,"58":0,"59":0,"60":8,"61":0,"62":0,"63":0,"64":0,"65":0,"66":0,"67":0,"68":8,"69":0,"70":0,"71":0,"72":0,"73":0,"74":0,"75":0,"76":0,"77":0,"78":0,"79":0,"80":0,"81":0,"82":0,"83":0,"84":0,"85":0,"86":0,"87":0,"88":0,"89":0,"90":0,"91":0,"92":8,"93":1,"94":1,"95":0,"96":1,"97":1,"98":0,"99":1,"100":1,"101":1,"102":1,"103":1,"104":1,"105":1,"106":1,"107":8,"108":0,"109":0,"110":0,"111":0,"112":0,"113":0,"114":0,"115":0,"116":0,"117":0,"118":0,"119":0,"120":0,"121":8,"122":0,"123":0,"124":0,"125":0,"126":0,"127":0,"128":0,"129":0,"130":0,"131":0,"132":0,"133":0,"134":0,"135":0,"136":0,"137":0,"138":0,"139":0,"140":0,"141":0,"142":8,"143":0,"144":0,"145":0,"146":0,"147":0,"148":0,"149":0,"150":0,"151":0,"152":0,"153":0,"154":0,"155":0,"156":0,"157":0,"158":0,"159":8,"160":0,"161":0,"162":0,"163":0,"164":0,"165":0,"166":0,"167":0,"168":0,"169":0,"170":0,"171":0,"172":0,"173":0,"174":0,"175":8,"176":0,"177":0,"178":0,"179":0,"180":0,"181":0,"182":0,"183":0,"184":0,"185":0,"186":0,"187":0,"188":0,"189":0,"190":0,"191":0,"192":0,"193":0,"194":0,"195":0,"196":0,"197":0,"198":0,"199":0,"200":0,"201":0,"202":0,"203":0,"204":8,"205":0,"206":0,"207":0,"208":0,"209":0,"210":0,"211":0,"212":0,"213":0,"214":0,"215":0,"216":0,"217":0,"218":0,"219":0,"220":0,"221":0,"222":0,"223":0,"224":0},"f":{"0":0,"1":0,"2":1,"3":0,"4":0,"5":0,"6":0,"7":0,"8":0,"9":0,"10":0,"11":0,"12":0,"13":0,"14":0,"15":0,"16":1,"17":0,"18":0,"19":0,"20":0,"21":0,"22":0,"23":0,"24":0,"25":0,"26":0},"b":{"0":[0],"1":[0],"2":[0,0],"3":[0,0],"4":[0,0],"5":[0,0],"6":[0,0],"7":[1],"8":[1],"9":[0,1],"10":[1,1],"11":[0,0],"12":[0,0],"13":[0,0],"14":[0,0],"15":[0],"16":[0,0],"17":[0,0,0],"18":[0,0],"19":[0,0],"20":[0,0],"21":[0,1],"22":[1,1],"23":[0,1],"24":[1,0],"25":[0,0],"26":[0,0],"27":[0],"28":[0],"29":[0,0],"30":[0,0],"31":[0,0],"32":[0],"33":[0,0],"34":[0,0],"35":[0,0],"36":[0,0],"37":[0,0],"38":[0,0],"39":[0,0],"40":[0,0],"41":[0,0],"42":[0,0],"43":[0,0],"44":[0,0],"45":[0,0],"46":[0,0],"47":[0,0],"48":[0,0],"49":[0,0],"50":[0,0],"51":[0,0],"52":[0,0],"53":[0,0],"54":[0,0],"55":[0,0]},"_coverageSchema":"1a1c01bbd47fc00a2c39e90264f33305004495a9","hash":"6036b4cba8c13b37d60c3ee8efb7c8da6b99064f"}
,"D:\\work-now\\graduation-project\\backend\\src\\controllers\\auth.controller.js": {"path":"D:\\work-now\\graduation-project\\backend\\src\\controllers\\auth.controller.js","statementMap":{"0":{"start":{"line":1,"column":12},"end":{"line":1,"column":35}},"1":{"start":{"line":2,"column":23},"end":{"line":2,"column":38}},"2":{"start":{"line":3,"column":31},"end":{"line":3,"column":51}},"3":{"start":{"line":4,"column":17},"end":{"line":4,"column":45}},"4":{"start":{"line":5,"column":23},"end":{"line":5,"column":50}},"5":{"start":{"line":6,"column":15},"end":{"line":6,"column":39}},"6":{"start":{"line":7,"column":18},"end":{"line":7,"column":48}},"7":{"start":{"line":12,"column":36},"end":{"line":17,"column":2}},"8":{"start":{"line":12,"column":43},"end":{"line":17,"column":1}},"9":{"start":{"line":19,"column":37},"end":{"line":24,"column":2}},"10":{"start":{"line":19,"column":44},"end":{"line":24,"column":1}},"11":{"start":{"line":29,"column":23},"end":{"line":39,"column":1}},"12":{"start":{"line":30,"column":22},"end":{"line":32,"column":4}},"13":{"start":{"line":34,"column":23},"end":{"line":36,"column":4}},"14":{"start":{"line":38,"column":2},"end":{"line":38,"column":39}},"15":{"start":{"line":44,"column":24},"end":{"line":54,"column":2}},"16":{"start":{"line":44,"column":35},"end":{"line":54,"column":1}},"17":{"start":{"line":59,"column":20},"end":{"line":66,"column":1}},"18":{"start":{"line":61,"column":2},"end":{"line":65,"column":4}},"19":{"start":{"line":73,"column":0},"end":{"line":128,"column":3}},"20":{"start":{"line":74,"column":30},"end":{"line":74,"column":38}},"21":{"start":{"line":77,"column":15},"end":{"line":77,"column":64}},"22":{"start":{"line":79,"column":2},"end":{"line":81,"column":3}},"23":{"start":{"line":80,"column":4},"end":{"line":80,"column":78}},"24":{"start":{"line":84,"column":2},"end":{"line":86,"column":3}},"25":{"start":{"line":85,"column":4},"end":{"line":85,"column":73}},"26":{"start":{"line":88,"column":2},"end":{"line":90,"column":3}},"27":{"start":{"line":89,"column":4},"end":{"line":89,"column":47}},"28":{"start":{"line":93,"column":18},"end":{"line":93,"column":54}},"29":{"start":{"line":94,"column":2},"end":{"line":96,"column":3}},"30":{"start":{"line":95,"column":4},"end":{"line":95,"column":78}},"31":{"start":{"line":99,"column":2},"end":{"line":99,"column":30}},"32":{"start":{"line":100,"column":2},"end":{"line":100,"column":20}},"33":{"start":{"line":103,"column":40},"end":{"line":103,"column":64}},"34":{"start":{"line":106,"column":24},"end":{"line":106,"column":34}},"35":{"start":{"line":107,"column":2},"end":{"line":107,"column":53}},"36":{"start":{"line":109,"column":2},"end":{"line":113,"column":5}},"37":{"start":{"line":116,"column":2},"end":{"line":116,"column":33}},"38":{"start":{"line":117,"column":2},"end":{"line":117,"column":34}},"39":{"start":{"line":118,"column":2},"end":{"line":118,"column":72}},"40":{"start":{"line":119,"column":2},"end":{"line":119,"column":75}},"41":{"start":{"line":122,"column":2},"end":{"line":127,"column":5}},"42":{"start":{"line":135,"column":0},"end":{"line":209,"column":3}},"43":{"start":{"line":136,"column":53},"end":{"line":136,"column":61}},"44":{"start":{"line":139,"column":16},"end":{"line":139,"column":49}},"45":{"start":{"line":140,"column":15},"end":{"line":140,"column":60}},"46":{"start":{"line":142,"column":2},"end":{"line":144,"column":3}},"47":{"start":{"line":143,"column":4},"end":{"line":143,"column":59}},"48":{"start":{"line":147,"column":2},"end":{"line":149,"column":3}},"49":{"start":{"line":148,"column":4},"end":{"line":148,"column":63}},"50":{"start":{"line":151,"column":2},"end":{"line":153,"column":3}},"51":{"start":{"line":152,"column":4},"end":{"line":152,"column":47}},"52":{"start":{"line":156,"column":18},"end":{"line":156,"column":54}},"53":{"start":{"line":157,"column":2},"end":{"line":159,"column":3}},"54":{"start":{"line":158,"column":4},"end":{"line":158,"column":59}},"55":{"start":{"line":162,"column":2},"end":{"line":180,"column":3}},"56":{"start":{"line":163,"column":4},"end":{"line":179,"column":5}},"57":{"start":{"line":165,"column":6},"end":{"line":170,"column":8}},"58":{"start":{"line":171,"column":11},"end":{"line":179,"column":5}},"59":{"start":{"line":176,"column":6},"end":{"line":178,"column":8}},"60":{"start":{"line":183,"column":2},"end":{"line":183,"column":30}},"61":{"start":{"line":184,"column":2},"end":{"line":184,"column":20}},"62":{"start":{"line":187,"column":40},"end":{"line":187,"column":64}},"63":{"start":{"line":190,"column":24},"end":{"line":190,"column":34}},"64":{"start":{"line":191,"column":2},"end":{"line":191,"column":53}},"65":{"start":{"line":193,"column":2},"end":{"line":198,"column":5}},"66":{"start":{"line":201,"column":2},"end":{"line":208,"column":5}},"67":{"start":{"line":216,"column":0},"end":{"line":277,"column":3}},"68":{"start":{"line":217,"column":23},"end":{"line":217,"column":48}},"69":{"start":{"line":219,"column":2},"end":{"line":223,"column":3}},"70":{"start":{"line":220,"column":4},"end":{"line":220,"column":35}},"71":{"start":{"line":221,"column":4},"end":{"line":221,"column":36}},"72":{"start":{"line":222,"column":4},"end":{"line":222,"column":61}},"73":{"start":{"line":227,"column":2},"end":{"line":233,"column":3}},"74":{"start":{"line":228,"column":4},"end":{"line":228,"column":65}},"75":{"start":{"line":230,"column":4},"end":{"line":230,"column":35}},"76":{"start":{"line":231,"column":4},"end":{"line":231,"column":36}},"77":{"start":{"line":232,"column":4},"end":{"line":232,"column":57}},"78":{"start":{"line":236,"column":22},"end":{"line":239,"column":4}},"79":{"start":{"line":241,"column":2},"end":{"line":245,"column":3}},"80":{"start":{"line":242,"column":4},"end":{"line":242,"column":35}},"81":{"start":{"line":243,"column":4},"end":{"line":243,"column":36}},"82":{"start":{"line":244,"column":4},"end":{"line":244,"column":59}},"83":{"start":{"line":248,"column":2},"end":{"line":253,"column":3}},"84":{"start":{"line":249,"column":4},"end":{"line":249,"column":34}},"85":{"start":{"line":250,"column":4},"end":{"line":250,"column":35}},"86":{"start":{"line":251,"column":4},"end":{"line":251,"column":36}},"87":{"start":{"line":252,"column":4},"end":{"line":252,"column":57}},"88":{"start":{"line":256,"column":17},"end":{"line":256,"column":43}},"89":{"start":{"line":259,"column":2},"end":{"line":259,"column":42}},"90":{"start":{"line":260,"column":2},"end":{"line":260,"column":73}},"91":{"start":{"line":261,"column":2},"end":{"line":261,"column":27}},"92":{"start":{"line":264,"column":2},"end":{"line":264,"column":33}},"93":{"start":{"line":265,"column":2},"end":{"line":265,"column":34}},"94":{"start":{"line":266,"column":2},"end":{"line":266,"column":79}},"95":{"start":{"line":267,"column":2},"end":{"line":271,"column":4}},"96":{"start":{"line":273,"column":2},"end":{"line":276,"column":5}},"97":{"start":{"line":284,"column":0},"end":{"line":298,"column":3}},"98":{"start":{"line":285,"column":23},"end":{"line":285,"column":48}},"99":{"start":{"line":287,"column":2},"end":{"line":289,"column":3}},"100":{"start":{"line":288,"column":4},"end":{"line":288,"column":65}},"101":{"start":{"line":291,"column":2},"end":{"line":291,"column":33}},"102":{"start":{"line":292,"column":2},"end":{"line":292,"column":34}},"103":{"start":{"line":294,"column":2},"end":{"line":297,"column":5}},"104":{"start":{"line":305,"column":0},"end":{"line":348,"column":3}},"105":{"start":{"line":306,"column":27},"end":{"line":306,"column":35}},"106":{"start":{"line":308,"column":2},"end":{"line":310,"column":3}},"107":{"start":{"line":309,"column":4},"end":{"line":309,"column":59}},"108":{"start":{"line":314,"column":2},"end":{"line":318,"column":3}},"109":{"start":{"line":315,"column":4},"end":{"line":315,"column":65}},"110":{"start":{"line":317,"column":4},"end":{"line":317,"column":57}},"111":{"start":{"line":321,"column":22},"end":{"line":324,"column":4}},"112":{"start":{"line":326,"column":2},"end":{"line":328,"column":3}},"113":{"start":{"line":327,"column":4},"end":{"line":327,"column":59}},"114":{"start":{"line":331,"column":2},"end":{"line":334,"column":3}},"115":{"start":{"line":332,"column":4},"end":{"line":332,"column":34}},"116":{"start":{"line":333,"column":4},"end":{"line":333,"column":57}},"117":{"start":{"line":337,"column":17},"end":{"line":337,"column":43}},"118":{"start":{"line":340,"column":2},"end":{"line":340,"column":42}},"119":{"start":{"line":341,"column":2},"end":{"line":341,"column":73}},"120":{"start":{"line":342,"column":2},"end":{"line":342,"column":27}},"121":{"start":{"line":344,"column":2},"end":{"line":347,"column":5}},"122":{"start":{"line":355,"column":0},"end":{"line":366,"column":3}},"123":{"start":{"line":356,"column":27},"end":{"line":356,"column":35}},"124":{"start":{"line":358,"column":2},"end":{"line":360,"column":3}},"125":{"start":{"line":359,"column":4},"end":{"line":359,"column":65}},"126":{"start":{"line":362,"column":2},"end":{"line":365,"column":5}},"127":{"start":{"line":372,"column":0},"end":{"line":472,"column":3}},"128":{"start":{"line":373,"column":53},"end":{"line":373,"column":61}},"129":{"start":{"line":376,"column":16},"end":{"line":376,"column":49}},"130":{"start":{"line":377,"column":15},"end":{"line":377,"column":60}},"131":{"start":{"line":379,"column":2},"end":{"line":381,"column":3}},"132":{"start":{"line":380,"column":4},"end":{"line":380,"column":55}},"133":{"start":{"line":383,"column":2},"end":{"line":385,"column":3}},"134":{"start":{"line":384,"column":4},"end":{"line":384,"column":58}},"135":{"start":{"line":388,"column":18},"end":{"line":388,"column":54}},"136":{"start":{"line":389,"column":2},"end":{"line":391,"column":3}},"137":{"start":{"line":390,"column":4},"end":{"line":390,"column":55}},"138":{"start":{"line":394,"column":2},"end":{"line":411,"column":3}},"139":{"start":{"line":395,"column":4},"end":{"line":410,"column":5}},"140":{"start":{"line":397,"column":6},"end":{"line":402,"column":8}},"141":{"start":{"line":403,"column":11},"end":{"line":410,"column":5}},"142":{"start":{"line":407,"column":6},"end":{"line":409,"column":8}},"143":{"start":{"line":414,"column":2},"end":{"line":414,"column":30}},"144":{"start":{"line":415,"column":2},"end":{"line":415,"column":20}},"145":{"start":{"line":418,"column":40},"end":{"line":418,"column":64}},"146":{"start":{"line":421,"column":24},"end":{"line":421,"column":34}},"147":{"start":{"line":422,"column":2},"end":{"line":422,"column":53}},"148":{"start":{"line":424,"column":2},"end":{"line":429,"column":5}},"149":{"start":{"line":432,"column":19},"end":{"line":442,"column":3}},"150":{"start":{"line":445,"column":2},"end":{"line":471,"column":3}},"151":{"start":{"line":447,"column":4},"end":{"line":447,"column":35}},"152":{"start":{"line":448,"column":4},"end":{"line":448,"column":36}},"153":{"start":{"line":451,"column":4},"end":{"line":451,"column":74}},"154":{"start":{"line":452,"column":4},"end":{"line":452,"column":77}},"155":{"start":{"line":455,"column":4},"end":{"line":460,"column":7}},"156":{"start":{"line":463,"column":4},"end":{"line":470,"column":7}},"157":{"start":{"line":478,"column":0},"end":{"line":559,"column":3}},"158":{"start":{"line":480,"column":23},"end":{"line":480,"column":74}},"159":{"start":{"line":482,"column":2},"end":{"line":484,"column":3}},"160":{"start":{"line":483,"column":4},"end":{"line":483,"column":59}},"161":{"start":{"line":488,"column":2},"end":{"line":497,"column":3}},"162":{"start":{"line":489,"column":4},"end":{"line":489,"column":65}},"163":{"start":{"line":492,"column":4},"end":{"line":495,"column":5}},"164":{"start":{"line":493,"column":6},"end":{"line":493,"column":37}},"165":{"start":{"line":494,"column":6},"end":{"line":494,"column":38}},"166":{"start":{"line":496,"column":4},"end":{"line":496,"column":57}},"167":{"start":{"line":500,"column":22},"end":{"line":503,"column":4}},"168":{"start":{"line":505,"column":2},"end":{"line":512,"column":3}},"169":{"start":{"line":507,"column":4},"end":{"line":510,"column":5}},"170":{"start":{"line":508,"column":6},"end":{"line":508,"column":37}},"171":{"start":{"line":509,"column":6},"end":{"line":509,"column":38}},"172":{"start":{"line":511,"column":4},"end":{"line":511,"column":59}},"173":{"start":{"line":515,"column":2},"end":{"line":518,"column":3}},"174":{"start":{"line":516,"column":4},"end":{"line":516,"column":34}},"175":{"start":{"line":517,"column":4},"end":{"line":517,"column":57}},"176":{"start":{"line":521,"column":17},"end":{"line":521,"column":43}},"177":{"start":{"line":524,"column":2},"end":{"line":524,"column":42}},"178":{"start":{"line":525,"column":2},"end":{"line":525,"column":73}},"179":{"start":{"line":526,"column":2},"end":{"line":526,"column":27}},"180":{"start":{"line":529,"column":16},"end":{"line":529,"column":32}},"181":{"start":{"line":531,"column":2},"end":{"line":558,"column":3}},"182":{"start":{"line":533,"column":4},"end":{"line":533,"column":35}},"183":{"start":{"line":534,"column":4},"end":{"line":534,"column":36}},"184":{"start":{"line":537,"column":4},"end":{"line":541,"column":6}},"185":{"start":{"line":542,"column":4},"end":{"line":546,"column":6}},"186":{"start":{"line":548,"column":4},"end":{"line":551,"column":7}},"187":{"start":{"line":554,"column":4},"end":{"line":557,"column":7}},"188":{"start":{"line":565,"column":0},"end":{"line":583,"column":3}},"189":{"start":{"line":567,"column":23},"end":{"line":567,"column":74}},"190":{"start":{"line":569,"column":2},"end":{"line":571,"column":3}},"191":{"start":{"line":570,"column":4},"end":{"line":570,"column":65}},"192":{"start":{"line":574,"column":2},"end":{"line":577,"column":3}},"193":{"start":{"line":575,"column":4},"end":{"line":575,"column":35}},"194":{"start":{"line":576,"column":4},"end":{"line":576,"column":36}},"195":{"start":{"line":579,"column":2},"end":{"line":582,"column":5}},"196":{"start":{"line":589,"column":0},"end":{"line":646,"column":3}},"197":{"start":{"line":590,"column":43},"end":{"line":590,"column":51}},"198":{"start":{"line":592,"column":15},"end":{"line":592,"column":68}},"199":{"start":{"line":595,"column":18},"end":{"line":595,"column":61}},"200":{"start":{"line":596,"column":2},"end":{"line":598,"column":3}},"201":{"start":{"line":597,"column":4},"end":{"line":597,"column":63}},"202":{"start":{"line":601,"column":2},"end":{"line":601,"column":30}},"203":{"start":{"line":602,"column":2},"end":{"line":602,"column":20}},"204":{"start":{"line":605,"column":2},"end":{"line":605,"column":48}},"205":{"start":{"line":608,"column":17},"end":{"line":608,"column":41}},"206":{"start":{"line":611,"column":24},"end":{"line":611,"column":34}},"207":{"start":{"line":612,"column":2},"end":{"line":612,"column":53}},"208":{"start":{"line":613,"column":2},"end":{"line":617,"column":5}},"209":{"start":{"line":619,"column":2},"end":{"line":645,"column":3}},"210":{"start":{"line":621,"column":4},"end":{"line":621,"column":35}},"211":{"start":{"line":622,"column":4},"end":{"line":622,"column":36}},"212":{"start":{"line":623,"column":4},"end":{"line":627,"column":6}},"213":{"start":{"line":628,"column":4},"end":{"line":632,"column":6}},"214":{"start":{"line":634,"column":4},"end":{"line":637,"column":7}},"215":{"start":{"line":640,"column":4},"end":{"line":644,"column":7}}},"fnMap":{"0":{"name":"(anonymous_0)","decl":{"start":{"line":12,"column":36},"end":{"line":12,"column":37}},"loc":{"start":{"line":12,"column":43},"end":{"line":17,"column":1}},"line":12},"1":{"name":"(anonymous_1)","decl":{"start":{"line":19,"column":37},"end":{"line":19,"column":38}},"loc":{"start":{"line":19,"column":44},"end":{"line":24,"column":1}},"line":19},"2":{"name":"(anonymous_2)","decl":{"start":{"line":29,"column":23},"end":{"line":29,"column":24}},"loc":{"start":{"line":29,"column":35},"end":{"line":39,"column":1}},"line":29},"3":{"name":"(anonymous_3)","decl":{"start":{"line":44,"column":24},"end":{"line":44,"column":25}},"loc":{"start":{"line":44,"column":35},"end":{"line":54,"column":1}},"line":44},"4":{"name":"(anonymous_4)","decl":{"start":{"line":59,"column":20},"end":{"line":59,"column":21}},"loc":{"start":{"line":59,"column":29},"end":{"line":66,"column":1}},"line":59},"5":{"name":"(anonymous_5)","decl":{"start":{"line":73,"column":30},"end":{"line":73,"column":31}},"loc":{"start":{"line":73,"column":56},"end":{"line":128,"column":1}},"line":73},"6":{"name":"(anonymous_6)","decl":{"start":{"line":135,"column":33},"end":{"line":135,"column":34}},"loc":{"start":{"line":135,"column":59},"end":{"line":209,"column":1}},"line":135},"7":{"name":"(anonymous_7)","decl":{"start":{"line":216,"column":37},"end":{"line":216,"column":38}},"loc":{"start":{"line":216,"column":63},"end":{"line":277,"column":1}},"line":216},"8":{"name":"(anonymous_8)","decl":{"start":{"line":284,"column":31},"end":{"line":284,"column":32}},"loc":{"start":{"line":284,"column":57},"end":{"line":298,"column":1}},"line":284},"9":{"name":"(anonymous_9)","decl":{"start":{"line":305,"column":40},"end":{"line":305,"column":41}},"loc":{"start":{"line":305,"column":66},"end":{"line":348,"column":1}},"line":305},"10":{"name":"(anonymous_10)","decl":{"start":{"line":355,"column":34},"end":{"line":355,"column":35}},"loc":{"start":{"line":355,"column":60},"end":{"line":366,"column":1}},"line":355},"11":{"name":"(anonymous_11)","decl":{"start":{"line":372,"column":27},"end":{"line":372,"column":28}},"loc":{"start":{"line":372,"column":53},"end":{"line":472,"column":1}},"line":372},"12":{"name":"(anonymous_12)","decl":{"start":{"line":478,"column":34},"end":{"line":478,"column":35}},"loc":{"start":{"line":478,"column":60},"end":{"line":559,"column":1}},"line":478},"13":{"name":"(anonymous_13)","decl":{"start":{"line":565,"column":28},"end":{"line":565,"column":29}},"loc":{"start":{"line":565,"column":54},"end":{"line":583,"column":1}},"line":565},"14":{"name":"(anonymous_14)","decl":{"start":{"line":589,"column":36},"end":{"line":589,"column":37}},"loc":{"start":{"line":589,"column":62},"end":{"line":646,"column":1}},"line":589}},"branchMap":{"0":{"loc":{"start":{"line":62,"column":4},"end":{"line":64,"column":54}},"type":"binary-expr","locations":[{"start":{"line":62,"column":4},"end":{"line":62,"column":30}},{"start":{"line":63,"column":4},"end":{"line":63,"column":31}},{"start":{"line":64,"column":5},"end":{"line":64,"column":23}},{"start":{"line":64,"column":27},"end":{"line":64,"column":53}}],"line":62},"1":{"loc":{"start":{"line":79,"column":2},"end":{"line":81,"column":3}},"type":"if","locations":[{"start":{"line":79,"column":2},"end":{"line":81,"column":3}},{"start":{},"end":{}}],"line":79},"2":{"loc":{"start":{"line":84,"column":2},"end":{"line":86,"column":3}},"type":"if","locations":[{"start":{"line":84,"column":2},"end":{"line":86,"column":3}},{"start":{},"end":{}}],"line":84},"3":{"loc":{"start":{"line":84,"column":6},"end":{"line":84,"column":61}},"type":"binary-expr","locations":[{"start":{"line":84,"column":6},"end":{"line":84,"column":31}},{"start":{"line":84,"column":35},"end":{"line":84,"column":61}}],"line":84},"4":{"loc":{"start":{"line":88,"column":2},"end":{"line":90,"column":3}},"type":"if","locations":[{"start":{"line":88,"column":2},"end":{"line":90,"column":3}},{"start":{},"end":{}}],"line":88},"5":{"loc":{"start":{"line":94,"column":2},"end":{"line":96,"column":3}},"type":"if","locations":[{"start":{"line":94,"column":2},"end":{"line":96,"column":3}},{"start":{},"end":{}}],"line":94},"6":{"loc":{"start":{"line":139,"column":16},"end":{"line":139,"column":49}},"type":"cond-expr","locations":[{"start":{"line":139,"column":24},"end":{"line":139,"column":33}},{"start":{"line":139,"column":36},"end":{"line":139,"column":49}}],"line":139},"7":{"loc":{"start":{"line":142,"column":2},"end":{"line":144,"column":3}},"type":"if","locations":[{"start":{"line":142,"column":2},"end":{"line":144,"column":3}},{"start":{},"end":{}}],"line":142},"8":{"loc":{"start":{"line":147,"column":2},"end":{"line":149,"column":3}},"type":"if","locations":[{"start":{"line":147,"column":2},"end":{"line":149,"column":3}},{"start":{},"end":{}}],"line":147},"9":{"loc":{"start":{"line":151,"column":2},"end":{"line":153,"column":3}},"type":"if","locations":[{"start":{"line":151,"column":2},"end":{"line":153,"column":3}},{"start":{},"end":{}}],"line":151},"10":{"loc":{"start":{"line":157,"column":2},"end":{"line":159,"column":3}},"type":"if","locations":[{"start":{"line":157,"column":2},"end":{"line":159,"column":3}},{"start":{},"end":{}}],"line":157},"11":{"loc":{"start":{"line":162,"column":2},"end":{"line":180,"column":3}},"type":"if","locations":[{"start":{"line":162,"column":2},"end":{"line":180,"column":3}},{"start":{},"end":{}}],"line":162},"12":{"loc":{"start":{"line":162,"column":6},"end":{"line":162,"column":41}},"type":"binary-expr","locations":[{"start":{"line":162,"column":6},"end":{"line":162,"column":16}},{"start":{"line":162,"column":20},"end":{"line":162,"column":41}}],"line":162},"13":{"loc":{"start":{"line":163,"column":4},"end":{"line":179,"column":5}},"type":"if","locations":[{"start":{"line":163,"column":4},"end":{"line":179,"column":5}},{"start":{"line":171,"column":11},"end":{"line":179,"column":5}}],"line":163},"14":{"loc":{"start":{"line":163,"column":8},"end":{"line":163,"column":47}},"type":"binary-expr","locations":[{"start":{"line":163,"column":8},"end":{"line":163,"column":20}},{"start":{"line":163,"column":24},"end":{"line":163,"column":47}}],"line":163},"15":{"loc":{"start":{"line":171,"column":11},"end":{"line":179,"column":5}},"type":"if","locations":[{"start":{"line":171,"column":11},"end":{"line":179,"column":5}},{"start":{"line":174,"column":11},"end":{"line":179,"column":5}}],"line":171},"16":{"loc":{"start":{"line":219,"column":2},"end":{"line":223,"column":3}},"type":"if","locations":[{"start":{"line":219,"column":2},"end":{"line":223,"column":3}},{"start":{},"end":{}}],"line":219},"17":{"loc":{"start":{"line":241,"column":2},"end":{"line":245,"column":3}},"type":"if","locations":[{"start":{"line":241,"column":2},"end":{"line":245,"column":3}},{"start":{},"end":{}}],"line":241},"18":{"loc":{"start":{"line":248,"column":2},"end":{"line":253,"column":3}},"type":"if","locations":[{"start":{"line":248,"column":2},"end":{"line":253,"column":3}},{"start":{},"end":{}}],"line":248},"19":{"loc":{"start":{"line":287,"column":2},"end":{"line":289,"column":3}},"type":"if","locations":[{"start":{"line":287,"column":2},"end":{"line":289,"column":3}},{"start":{},"end":{}}],"line":287},"20":{"loc":{"start":{"line":308,"column":2},"end":{"line":310,"column":3}},"type":"if","locations":[{"start":{"line":308,"column":2},"end":{"line":310,"column":3}},{"start":{},"end":{}}],"line":308},"21":{"loc":{"start":{"line":326,"column":2},"end":{"line":328,"column":3}},"type":"if","locations":[{"start":{"line":326,"column":2},"end":{"line":328,"column":3}},{"start":{},"end":{}}],"line":326},"22":{"loc":{"start":{"line":331,"column":2},"end":{"line":334,"column":3}},"type":"if","locations":[{"start":{"line":331,"column":2},"end":{"line":334,"column":3}},{"start":{},"end":{}}],"line":331},"23":{"loc":{"start":{"line":358,"column":2},"end":{"line":360,"column":3}},"type":"if","locations":[{"start":{"line":358,"column":2},"end":{"line":360,"column":3}},{"start":{},"end":{}}],"line":358},"24":{"loc":{"start":{"line":376,"column":16},"end":{"line":376,"column":49}},"type":"cond-expr","locations":[{"start":{"line":376,"column":24},"end":{"line":376,"column":33}},{"start":{"line":376,"column":36},"end":{"line":376,"column":49}}],"line":376},"25":{"loc":{"start":{"line":379,"column":2},"end":{"line":381,"column":3}},"type":"if","locations":[{"start":{"line":379,"column":2},"end":{"line":381,"column":3}},{"start":{},"end":{}}],"line":379},"26":{"loc":{"start":{"line":383,"column":2},"end":{"line":385,"column":3}},"type":"if","locations":[{"start":{"line":383,"column":2},"end":{"line":385,"column":3}},{"start":{},"end":{}}],"line":383},"27":{"loc":{"start":{"line":389,"column":2},"end":{"line":391,"column":3}},"type":"if","locations":[{"start":{"line":389,"column":2},"end":{"line":391,"column":3}},{"start":{},"end":{}}],"line":389},"28":{"loc":{"start":{"line":394,"column":2},"end":{"line":411,"column":3}},"type":"if","locations":[{"start":{"line":394,"column":2},"end":{"line":411,"column":3}},{"start":{},"end":{}}],"line":394},"29":{"loc":{"start":{"line":394,"column":6},"end":{"line":394,"column":68}},"type":"binary-expr","locations":[{"start":{"line":394,"column":6},"end":{"line":394,"column":29}},{"start":{"line":394,"column":33},"end":{"line":394,"column":43}},{"start":{"line":394,"column":47},"end":{"line":394,"column":68}}],"line":394},"30":{"loc":{"start":{"line":395,"column":4},"end":{"line":410,"column":5}},"type":"if","locations":[{"start":{"line":395,"column":4},"end":{"line":410,"column":5}},{"start":{"line":403,"column":11},"end":{"line":410,"column":5}}],"line":395},"31":{"loc":{"start":{"line":395,"column":8},"end":{"line":395,"column":47}},"type":"binary-expr","locations":[{"start":{"line":395,"column":8},"end":{"line":395,"column":20}},{"start":{"line":395,"column":24},"end":{"line":395,"column":47}}],"line":395},"32":{"loc":{"start":{"line":403,"column":11},"end":{"line":410,"column":5}},"type":"if","locations":[{"start":{"line":403,"column":11},"end":{"line":410,"column":5}},{"start":{"line":405,"column":11},"end":{"line":410,"column":5}}],"line":403},"33":{"loc":{"start":{"line":445,"column":2},"end":{"line":471,"column":3}},"type":"if","locations":[{"start":{"line":445,"column":2},"end":{"line":471,"column":3}},{"start":{"line":461,"column":9},"end":{"line":471,"column":3}}],"line":445},"34":{"loc":{"start":{"line":480,"column":23},"end":{"line":480,"column":74}},"type":"binary-expr","locations":[{"start":{"line":480,"column":23},"end":{"line":480,"column":48}},{"start":{"line":480,"column":52},"end":{"line":480,"column":74}}],"line":480},"35":{"loc":{"start":{"line":482,"column":2},"end":{"line":484,"column":3}},"type":"if","locations":[{"start":{"line":482,"column":2},"end":{"line":484,"column":3}},{"start":{},"end":{}}],"line":482},"36":{"loc":{"start":{"line":492,"column":4},"end":{"line":495,"column":5}},"type":"if","locations":[{"start":{"line":492,"column":4},"end":{"line":495,"column":5}},{"start":{},"end":{}}],"line":492},"37":{"loc":{"start":{"line":505,"column":2},"end":{"line":512,"column":3}},"type":"if","locations":[{"start":{"line":505,"column":2},"end":{"line":512,"column":3}},{"start":{},"end":{}}],"line":505},"38":{"loc":{"start":{"line":507,"column":4},"end":{"line":510,"column":5}},"type":"if","locations":[{"start":{"line":507,"column":4},"end":{"line":510,"column":5}},{"start":{},"end":{}}],"line":507},"39":{"loc":{"start":{"line":515,"column":2},"end":{"line":518,"column":3}},"type":"if","locations":[{"start":{"line":515,"column":2},"end":{"line":518,"column":3}},{"start":{},"end":{}}],"line":515},"40":{"loc":{"start":{"line":531,"column":2},"end":{"line":558,"column":3}},"type":"if","locations":[{"start":{"line":531,"column":2},"end":{"line":558,"column":3}},{"start":{"line":552,"column":9},"end":{"line":558,"column":3}}],"line":531},"41":{"loc":{"start":{"line":567,"column":23},"end":{"line":567,"column":74}},"type":"binary-expr","locations":[{"start":{"line":567,"column":23},"end":{"line":567,"column":48}},{"start":{"line":567,"column":52},"end":{"line":567,"column":74}}],"line":567},"42":{"loc":{"start":{"line":569,"column":2},"end":{"line":571,"column":3}},"type":"if","locations":[{"start":{"line":569,"column":2},"end":{"line":571,"column":3}},{"start":{},"end":{}}],"line":569},"43":{"loc":{"start":{"line":574,"column":2},"end":{"line":577,"column":3}},"type":"if","locations":[{"start":{"line":574,"column":2},"end":{"line":577,"column":3}},{"start":{},"end":{}}],"line":574},"44":{"loc":{"start":{"line":596,"column":2},"end":{"line":598,"column":3}},"type":"if","locations":[{"start":{"line":596,"column":2},"end":{"line":598,"column":3}},{"start":{},"end":{}}],"line":596},"45":{"loc":{"start":{"line":619,"column":2},"end":{"line":645,"column":3}},"type":"if","locations":[{"start":{"line":619,"column":2},"end":{"line":645,"column":3}},{"start":{"line":638,"column":9},"end":{"line":645,"column":3}}],"line":619}},"s":{"0":8,"1":8,"2":8,"3":8,"4":8,"5":8,"6":8,"7":8,"8":4,"9":8,"10":4,"11":8,"12":9,"13":9,"14":9,"15":8,"16":7,"17":8,"18":1,"19":8,"20":5,"21":5,"22":5,"23":0,"24":5,"25":1,"26":4,"27":0,"28":4,"29":4,"30":1,"31":3,"32":3,"33":3,"34":3,"35":3,"36":3,"37":3,"38":3,"39":3,"40":3,"41":3,"42":8,"43":5,"44":5,"45":5,"46":5,"47":0,"48":5,"49":0,"50":5,"51":0,"52":5,"53":5,"54":0,"55":5,"56":5,"57":3,"58":2,"59":1,"60":4,"61":4,"62":4,"63":4,"64":4,"65":4,"66":4,"67":8,"68":1,"69":1,"70":0,"71":0,"72":0,"73":1,"74":1,"75":0,"76":0,"77":0,"78":1,"79":1,"80":0,"81":0,"82":0,"83":1,"84":0,"85":0,"86":0,"87":0,"88":1,"89":1,"90":1,"91":1,"92":1,"93":1,"94":1,"95":1,"96":1,"97":8,"98":0,"99":0,"100":0,"101":0,"102":0,"103":0,"104":8,"105":0,"106":0,"107":0,"108":0,"109":0,"110":0,"111":0,"112":0,"113":0,"114":0,"115":0,"116":0,"117":0,"118":0,"119":0,"120":0,"121":0,"122":8,"123":0,"124":0,"125":0,"126":0,"127":8,"128":0,"129":0,"130":0,"131":0,"132":0,"133":0,"134":0,"135":0,"136":0,"137":0,"138":0,"139":0,"140":0,"141":0,"142":0,"143":0,"144":0,"145":0,"146":0,"147":0,"148":0,"149":0,"150":0,"151":0,"152":0,"153":0,"154":0,"155":0,"156":0,"157":8,"158":0,"159":0,"160":0,"161":0,"162":0,"163":0,"164":0,"165":0,"166":0,"167":0,"168":0,"169":0,"170":0,"171":0,"172":0,"173":0,"174":0,"175":0,"176":0,"177":0,"178":0,"179":0,"180":0,"181":0,"182":0,"183":0,"184":0,"185":0,"186":0,"187":0,"188":8,"189":0,"190":0,"191":0,"192":0,"193":0,"194":0,"195":0,"196":8,"197":1,"198":1,"199":1,"200":1,"201":0,"202":1,"203":1,"204":1,"205":1,"206":1,"207":1,"208":1,"209":1,"210":0,"211":0,"212":0,"213":0,"214":0,"215":1},"f":{"0":4,"1":4,"2":9,"3":7,"4":1,"5":5,"6":5,"7":1,"8":0,"9":0,"10":0,"11":0,"12":0,"13":0,"14":1},"b":{"0":[1,1,1,0],"1":[0,5],"2":[1,4],"3":[5,2],"4":[0,4],"5":[1,3],"6":[0,5],"7":[0,5],"8":[0,5],"9":[0,5],"10":[0,5],"11":[5,0],"12":[5,5],"13":[3,2],"14":[5,5],"15":[1,1],"16":[0,1],"17":[0,1],"18":[0,1],"19":[0,0],"20":[0,0],"21":[0,0],"22":[0,0],"23":[0,0],"24":[0,0],"25":[0,0],"26":[0,0],"27":[0,0],"28":[0,0],"29":[0,0,0],"30":[0,0],"31":[0,0],"32":[0,0],"33":[0,0],"34":[0,0],"35":[0,0],"36":[0,0],"37":[0,0],"38":[0,0],"39":[0,0],"40":[0,0],"41":[0,0],"42":[0,0],"43":[0,0],"44":[0,1],"45":[0,1]},"_coverageSchema":"1a1c01bbd47fc00a2c39e90264f33305004495a9","hash":"8db7201673fb3d0fa1b505a8a292e9ef1702ed11"}
,"D:\\work-now\\graduation-project\\backend\\src\\controllers\\connections.controller.js": {"path":"D:\\work-now\\graduation-project\\backend\\src\\controllers\\connections.controller.js","statementMap":{"0":{"start":{"line":9,"column":4},"end":{"line":9,"column":24}},"1":{"start":{"line":14,"column":4},"end":{"line":14,"column":34}},"2":{"start":{"line":15,"column":17},"end":{"line":15,"column":45}},"3":{"start":{"line":22,"column":4},"end":{"line":22,"column":31}},"4":{"start":{"line":28,"column":0},"end":{"line":149,"column":3}},"5":{"start":{"line":29,"column":63},"end":{"line":29,"column":71}},"6":{"start":{"line":31,"column":21},"end":{"line":31,"column":61}},"7":{"start":{"line":33,"column":2},"end":{"line":33,"column":52}},"8":{"start":{"line":34,"column":2},"end":{"line":34,"column":43}},"9":{"start":{"line":35,"column":2},"end":{"line":35,"column":46}},"10":{"start":{"line":36,"column":2},"end":{"line":36,"column":44}},"11":{"start":{"line":37,"column":2},"end":{"line":37,"column":53}},"12":{"start":{"line":38,"column":2},"end":{"line":38,"column":43}},"13":{"start":{"line":39,"column":2},"end":{"line":39,"column":52}},"14":{"start":{"line":42,"column":2},"end":{"line":48,"column":3}},"15":{"start":{"line":44,"column":4},"end":{"line":47,"column":7}},"16":{"start":{"line":51,"column":13},"end":{"line":51,"column":17}},"17":{"start":{"line":52,"column":2},"end":{"line":60,"column":3}},"18":{"start":{"line":53,"column":4},"end":{"line":53,"column":76}},"19":{"start":{"line":54,"column":4},"end":{"line":59,"column":6}},"20":{"start":{"line":61,"column":2},"end":{"line":69,"column":3}},"21":{"start":{"line":62,"column":4},"end":{"line":62,"column":74}},"22":{"start":{"line":63,"column":4},"end":{"line":68,"column":6}},"23":{"start":{"line":71,"column":2},"end":{"line":74,"column":3}},"24":{"start":{"line":72,"column":4},"end":{"line":72,"column":20}},"25":{"start":{"line":73,"column":4},"end":{"line":73,"column":61}},"26":{"start":{"line":76,"column":2},"end":{"line":81,"column":3}},"27":{"start":{"line":77,"column":4},"end":{"line":79,"column":6}},"28":{"start":{"line":80,"column":4},"end":{"line":80,"column":66}},"29":{"start":{"line":83,"column":2},"end":{"line":83,"column":70}},"30":{"start":{"line":86,"colum
[...]
"line":180,"column":42},"end":{"line":180,"column":43}},"loc":{"start":{"line":180,"column":47},"end":{"line":180,"column":63}},"line":180},"9":{"name":"(anonymous_9)","decl":{"start":{"line":296,"column":13},"end":{"line":296,"column":14}},"loc":{"start":{"line":296,"column":63},"end":{"line":379,"column":1}},"line":296},"10":{"name":"(anonymous_10)","decl":{"start":{"line":319,"column":20},"end":{"line":319,"column":21}},"loc":{"start":{"line":319,"column":26},"end":{"line":322,"column":5}},"line":319}},"branchMap":{"0":{"loc":{"start":{"line":22,"column":6},"end":{"line":27,"column":7}},"type":"if","locations":[{"start":{"line":22,"column":6},"end":{"line":27,"column":7}},{"start":{},"end":{}}],"line":22},"1":{"loc":{"start":{"line":29,"column":6},"end":{"line":41,"column":7}},"type":"if","locations":[{"start":{"line":29,"column":6},"end":{"line":41,"column":7}},{"start":{},"end":{}}],"line":29},"2":{"loc":{"start":{"line":43,"column":6},"end":{"line":55,"column":7}},"type":"if","locations":[{"start":{"line":43,"column":6},"end":{"line":55,"column":7}},{"start":{},"end":{}}],"line":43},"3":{"loc":{"start":{"line":52,"column":22},"end":{"line":52,"column":91}},"type":"cond-expr","locations":[{"start":{"line":52,"column":39},"end":{"line":52,"column":84}},{"start":{"line":52,"column":87},"end":{"line":52,"column":91}}],"line":52},"4":{"loc":{"start":{"line":65,"column":6},"end":{"line":69,"column":7}},"type":"if","locations":[{"start":{"line":65,"column":6},"end":{"line":69,"column":7}},{"start":{"line":67,"column":13},"end":{"line":69,"column":7}}],"line":65},"5":{"loc":{"start":{"line":67,"column":13},"end":{"line":69,"column":7}},"type":"if","locations":[{"start":{"line":67,"column":13},"end":{"line":69,"column":7}},{"start":{},"end":{}}],"line":67},"6":{"loc":{"start":{"line":68,"column":27},"end":{"line":68,"column":66}},"type":"binary-expr","locations":[{"start":{"line":68,"column":27},"end":{"line":68,"column":60}},{"start":{"line":68,"column":64},"end":{"line":68,"column":66}}],"line":68},"7":{"loc":{"start":{"line":84,"column":6},"end":{"line":86,"column":7}},"type":"if","locations":[{"start":{"line":84,"column":6},"end":{"line":86,"column":7}},{"start":{},"end":{}}],"line":84},"8":{"loc":{"start":{"line":89,"column":6},"end":{"line":89,"column":48}},"type":"if","locations":[{"start":{"line":89,"column":6},"end":{"line":89,"column":48}},{"start":{},"end":{}}],"line":89},"9":{"loc":{"start":{"line":90,"column":6},"end":{"line":93,"column":7}},"type":"if","locations":[{"start":{"line":90,"column":6},"end":{"line":93,"column":7}},{"start":{},"end":{}}],"line":90},"10":{"loc":{"start":{"line":92,"column":8},"end":{"line":92,"column":77}},"type":"if","locations":[{"start":{"line":92,"column":8},"end":{"line":92,"column":77}},{"start":{},"end":{}}],"line":92},"11":{"loc":{"start":{"line":94,"column":6},"end":{"line":99,"column":7}},"type":"if","locations":[{"start":{"line":94,"column":6},"end":{"line":99,"column":7}},{"start":{},"end":{}}],"line":94},"12":{"loc":{"start":{"line":102,"column":6},"end":{"line":107,"column":7}},"type":"if","locations":[{"start":{"line":102,"column":6},"end":{"line":107,"column":7}},{"start":{},"end":{}}],"line":102},"13":{"loc":{"start":{"line":120,"column":6},"end":{"line":120,"column":72}},"type":"if","locations":[{"start":{"line":120,"column":6},"end":{"line":120,"column":72}},{"start":{},"end":{}}],"line":120},"14":{"loc":{"start":{"line":123,"column":6},"end":{"line":125,"column":7}},"type":"if","locations":[{"start":{"line":123,"column":6},"end":{"line":125,"column":7}},{"start":{},"end":{}}],"line":123},"15":{"loc":{"start":{"line":123,"column":10},"end":{"line":123,"column":88}},"type":"binary-expr","locations":[{"start":{"line":123,"column":10},"end":{"line":123,"column":36}},{"start":{"line":123,"column":40},"end":{"line":123,"column":88}}],"line":123},"16":{"loc":{"start":{"line":126,"column":6},"end":{"line":128,"column":7}},"type":"if","locations":[{"start":{"line":126,"column":6},"end":{"line":128,"column":7}},{"start":{},"end":{}}],"line":126},"17":{"loc":{"start":{"line":141,"column":6},"end":{"line":143,"column":7}},"type":"if","locations":[{"start":{"line":141,"column":6},"end":{"line":143,"column":7}},{"start":{},"end":{}}],"line":141},"18":{"loc":{"start":{"line":146,"column":6},"end":{"line":146,"column":76}},"type":"if","locations":[{"start":{"line":146,"column":6},"end":{"line":146,"column":76}},{"start":{},"end":{}}],"line":146},"19":{"loc":{"start":{"line":149,"column":6},"end":{"line":151,"column":7}},"type":"if","locations":[{"start":{"line":149,"column":6},"end":{"line":151,"column":7}},{"start":{},"end":{}}],"line":149},"20":{"loc":{"start":{"line":149,"column":10},"end":{"line":149,"column":95}},"type":"binary-expr","locations":[{"start":{"line":149,"column":10},"end":{"line":149,"column":36}},{"start":{"line":149,"column":40},"end":{"line":149,"column":95}}],"line":149},"21":{"loc":{"start":{"line":154,"column":34},"end":{"line":154,"column":77}},"type":"binary-expr","locations":[{"start":{"line":154,"column":34},"end":{"line":154,"column":40}},{"start":{"line":154,"column":44},"end":{"line":154,"column":77}}],"line":154},"22":{"loc":{"start":{"line":168,"column":6},"end":{"line":172,"column":7}},"type":"if","locations":[{"start":{"line":168,"column":6},"end":{"line":172,"column":7}},{"start":{"line":170,"column":13},"end":{"line":172,"column":7}}],"line":168},"23":{"loc":{"start":{"line":170,"column":13},"end":{"line":172,"column":7}},"type":"if","locations":[{"start":{"line":170,"column":13},"end":{"line":172,"column":7}},{"start":{},"end":{}}],"line":170},"24":{"loc":{"start":{"line":175,"column":6},"end":{"line":175,"column":44}},"type":"if","locations":[{"start":{"line":175,"column":6},"end":{"line":175,"column":44}},{"start":{},"end":{}}],"line":175},"25":{"loc":{"start":{"line":178,"column":6},"end":{"line":190,"column":7}},"type":"if","locations":[{"start":{"line":178,"column":6},"end":{"line":190,"column":7}},{"start":{},"end":{}}],"line":178},"26":{"loc":{"start":{"line":182,"column":8},"end":{"line":189,"column":9}},"type":"if","locations":[{"start":{"line":182,"column":8},"end":{"line":189,"column":9}},{"start":{"line":186,"column":15},"end":{"line":189,"column":9}}],"line":182},"27":{"loc":{"start":{"line":183,"column":10},"end":{"line":185,"column":11}},"type":"if","locations":[{"start":{"line":183,"column":10},"end":{"line":185,"column":11}},{"start":{},"end":{}}],"line":183},"28":{"loc":{"start":{"line":199,"column":6},"end":{"line":201,"column":7}},"type":"if","locations":[{"start":{"line":199,"column":6},"end":{"line":201,"column":7}},{"start":{},"end":{}}],"line":199},"29":{"loc":{"start":{"line":296,"column":30},"end":{"line":296,"column":58}},"type":"default-arg","locations":[{"start":{"line":296,"column":37},"end":{"line":296,"column":58}}],"line":296},"30":{"loc":{"start":{"line":298,"column":19},"end":{"line":298,"column":82}},"type":"cond-expr","locations":[{"start":{"line":298,"column":31},"end":{"line":298,"column":69}},{"start":{"line":298,"column":72},"end":{"line":298,"column":82}}],"line":298},"31":{"loc":{"start":{"line":320,"column":12},"end":{"line":320,"column":57}},"type":"cond-expr","locations":[{"start":{"line":320,"column":37},"end":{"line":320,"column":48}},{"start":{"line":320,"column":51},"end":{"line":320,"column":57}}],"line":320},"32":{"loc":{"start":{"line":321,"column":22},"end":{"line":321,"column":37}},"type":"binary-expr","locations":[{"start":{"line":321,"column":22},"end":{"line":321,"column":31}},{"start":{"line":321,"column":35},"end":{"line":321,"column":37}}],"line":321},"33":{"loc":{"start":{"line":337,"column":6},"end":{"line":368,"column":7}},"type":"if","locations":[{"start":{"line":337,"column":6},"end":{"line":368,"column":7}},{"start":{},"end":{}}],"line":337},"34":{"loc":{"start":{"line":343,"column":38},"end":{"line":343,"column":73}},"type":"binary-expr","locations":[{"start":{"line":343,"column":38},"end":{"line":343,"column":65}},{"start":{"line":343,"column":69},"end":{"line":343,"column":73}}],"line":343},"35":{"loc":{"start":{"line":350,"column":10},"end":{"line":352,"column":11}},"type":"if","locations":[{"start":{"line":350,"column":10},"end":{"line":352,"column":11}},{"start":{},"end":{}}],"line":350},"36":{"loc":{"start":{"line":350,"column":14},"end":{"line":350,"column":63}},"type":"binary-expr","locations":[{"start":{"line":350,"column":14},"end":{"line":350,"column":27}},{"start":{"line":350,"column":31},"end":{"line":350,"column":63}}],"line":350}},"s":{"0":8,"1":8,"2":8,"3":8,"4":8,"5":8,"6":0,"7":0,"8":0,"9":0,"10":0,"11":0,"12":0,"13":0,"14":0,"15":0,"16":0,"17":0,"18":0,"19":0,"20":0,"21":0,"22":0,"23":0,"24":0,"25":0,"26":0,"27":0,"28":0,"29":0,"30":0,"31":0,"32":0,"33":0,"34":0,"35":0,"36":0,"37":0,"38":0,"39":0,"40":0,"41":0,"42":0,"43":0,"44":0,"45":0,"46":0,"47":0,"48":0,"49":0,"50":0,"51":0,"52":0,"53":0,"54":0,"55":0,"56":0,"57":0,"58":0,"59":0,"60":0,"61":0,"62":0,"63":0,"64":0,"65":0,"66":0,"67":0,"68":0,"69":0,"70":0,"71":0,"72":0,"73":0,"74":0,"75":0,"76":0,"77":0,"78":0,"79":0,"80":0,"81":0,"82":0,"83":0,"84":0,"85":0,"86":0,"87":0,"88":0,"89":0,"90":0,"91":0,"92":0,"93":0,"94":0,"95":0,"96":0,"97":0,"98":0,"99":0,"100":0,"101":0,"102":8,"103":8,"104":0,"105":0,"106":0,"107":0,"108":0,"109":0,"110":0,"111":0,"112":0,"113":0,"114":0,"115":0,"116":0,"117":0,"118":0,"119":0,"120":0,"121":0,"122":0,"123":0,"124":0,"125":0,"126":0,"127":0,"128":0,"129":0,"130":0,"131":0,"132":0,"133":8},"f":{"0":0,"1":0,"2":0,"3":0,"4":0,"5":0,"6":0,"7":0,"8":0,"9":0,"10":0},"b":{"0":[0,0],"1":[0,0],"2":[0,0],"3":[0,0],"4":[0,0],"5":[0,0],"6":[0,0],"7":[0,0],"8":[0,0],"9":[0,0],"10":[0,0],"11":[0,0],"12":[0,0],"13":[0,0],"14":[0,0],"15":[0,0],"16":[0,0],"17":[0,0],"18":[0,0],"19":[0,0],"20":[0,0],"21":[0,0],"22":[0,0],"23":[0,0],"24":[0,0],"25":[0,0],"26":[0,0],"27":[0,0],"28":[0,0],"29":[0],"30":[0,0],"31":[0,0],"32":[0,0],"33":[0,0],"34":[0,0],"35":[0,0],"36":[0,0]},"_coverageSchema":"1a1c01bbd47fc00a2c39e90264f33305004495a9","hash":"3ef3852509a2dfe68af8ef28dfef4c21329ef6de"}
,"D:\\work-now\\graduation-project\\backend\\src\\utils\\ApiError.js": {"path":"D:\\work-now\\graduation-project\\backend\\src\\utils\\ApiError.js","statementMap":{"0":{"start":{"line":3,"column":4},"end":{"line":3,"column":19}},"1":{"start":{"line":4,"column":4},"end":{"line":4,"column":33}},"2":{"start":{"line":5,"column":4},"end":{"line":5,"column":69}},"3":{"start":{"line":6,"column":4},"end":{"line":6,"column":30}},"4":{"start":{"line":8,"column":4},"end":{"line":8,"column":52}},"5":{"start":{"line":13,"column":0},"end":{"line":13,"column":78}},"6":{"start":{"line":13,"column":51},"end":{"line":13,"column":77}},"7":{"start":{"line":14,"column":0},"end":{"line":15,"column":29}},"8":{"start":{"line":15,"column":2},"end":{"line":15,"column":28}},"9":{"start":{"line":16,"column":0},"end":{"line":16,"column":75}},"10":{"start":{"line":16,"column":48},"end":{"line":16,"column":74}},"11":{"start":{"line":17,"column":0},"end":{"line":17,"column":74}},"12":{"start":{"line":17,"column":47},"end":{"line":17,"column":73}},"13":{"start":{"line":18,"column":0},"end":{"line":18,"column":73}},"14":{"start":{"line":18,"column":46},"end":{"line":18,"column":72}},"15":{"start":{"line":19,"column":0},"end":{"line":20,"column":29}},"16":{"start":{"line":20,"column":2},"end":{"line":20,"column":28}},"17":{"start":{"line":22,"column":0},"end":{"line":22,"column":26}}},"fnMap":{"0":{"name":"(anonymous_0)","decl":{"start":{"line":2,"column":2},"end":{"line":2,"column":3}},"loc":{"start":{"line":2,"column":35},"end":{"line":9,"column":3}},"line":2},"1":{"name":"(anonymous_1)","decl":{"start":{"line":13,"column":22},"end":{"line":13,"column":23}},"loc":{"start":{"line":13,"column":51},"end":{"line":13,"column":77}},"line":13},"2":{"name":"(anonymous_2)","decl":{"start":{"line":14,"column":24},"end":{"line":14,"column":25}},"loc":{"start":{"line":15,"column":2},"end":{"line":15,"column":28}},"line":15},"3":{"name":"(anonymous_3)","decl":{"start":{"line":16,"column":21},"end":{"line":16,"column":22}},"loc":{"start":{"line":16,"column":48},"end":{"line":16,"column":74}},"line":16},"4":{"name":"(anonymous_4)","decl":{"start":{"line":17,"column":20},"end":{"line":17,"column":21}},"loc":{"start":{"line":17,"column":47},"end":{"line":17,"column":73}},"line":17},"5":{"name":"(anonymous_5)","decl":{"start":{"line":18,"column":20},"end":{"line":18,"column":21}},"loc":{"start":{"line":18,"column":46},"end":{"line":18,"column":72}},"line":18},"6":{"name":"(anonymous_6)","decl":{"start":{"line":19,"column":20},"end":{"line":19,"column":21}},"loc":{"start":{"line":20,"column":2},"end":{"line":20,"column":28}},"line":20}},"branchMap":{"0":{"loc":{"start":{"line":5,"column":18},"end":{"line":5,"column":68}},"type":"cond-expr","locations":[{"start":{"line":5,"column":52},"end":{"line":5,"column":58}},{"start":{"line":5,"column":61},"end":{"line":5,"column":68}}],"line":5},"1":{"loc":{"start":{"line":13,"column":23},"end":{"line":13,"column":46}},"type":"default-arg","locations":[{"start":{"line":13,"column":33},"end":{"line":13,"column":46}}],"line":13},"2":{"loc":{"start":{"line":14,"column":25},"end":{"line":14,"column":49}},"type":"default-arg","locations":[{"start":{"line":14,"column":35},"end":{"line":14,"column":49}}],"line":14},"3":{"loc":{"start":{"line":16,"column":22},"end":{"line":16,"column":43}},"type":"default-arg","locations":[{"start":{"line":16,"column":32},"end":{"line":16,"column":43}}],"line":16},"4":{"loc":{"start":{"line":17,"column":21},"end":{"line":17,"column":42}},"type":"default-arg","locations":[{"start":{"line":17,"column":31},"end":{"line":17,"column":42}}],"line":17},"5":{"loc":{"start":{"line":18,"column":21},"end":{"line":18,"column":41}},"type":"default-arg","locations":[{"start":{"line":18,"column":31},"end":{"line":18,"column":41}}],"line":18},"6":{"loc":{"start":{"line":19,"column":21},"end":{"line":19,"column":54}},"type":"default-arg","locations":[{"start":{"line":19,"column":31},"end":{"line":19,"column":54}}],"line":19}},"s":{"0":7,"1":7,"2":7,"3":7,"4":7,"5":8,"6":0,"7":8,"8":2,"9":8,"10":3,"11":8,"12":1,"13":8,"14":1,"15":8,"16":0,"17":8},"f":{"0":7,"1":0,"2":2,"3":3,"4":1,"5":1,"6":0},"b":{"0":[7,0],"1":[0],"2":[0],"3":[0],"4":[0],"5":[0],"6":[0]},"_coverageSchema":"1a1c01bbd47fc00a2c39e90264f33305004495a9","hash":"a0f9c5974d650989141ace18e4a3e5802ae91514"}
,"D:\\work-now\\graduation-project\\backend\\src\\utils\\helpers.js": {"path":"D:\\work-now\\graduation-project\\backend\\src\\utils\\helpers.js","statementMap":{"0":{"start":{"line":4,"column":19},"end":{"line":8,"column":1}},"1":{"start":{"line":5,"column":2},"end":{"line":7,"column":4}},"2":{"start":{"line":6,"column":4},"end":{"line":6,"column":52}},"3":{"start":{"line":13,"column":21},"end":{"line":17,"column":1}},"4":{"start":{"line":14,"column":16},"end":{"line":14,"column":26}},"5":{"start":{"line":15,"column":2},"end":{"line":15,"column":29}},"6":{"start":{"line":16,"column":2},"end":{"line":16,"column":15}},"7":{"start":{"line":22,"column":22},"end":{"line":25,"column":1}},"8":{"start":{"line":23,"column":27},"end":{"line":23,"column":57}},"9":{"start":{"line":24,"column":2},"end":{"line":24,"column":30}},"10":{"start":{"line":30,"column":29},"end":{"line":35,"column":1}},"11":{"start":{"line":31,"column":14},"end":{"line":31,"column":24}},"12":{"start":{"line":32,"column":16},"end":{"line":32,"column":58}},"13":{"start":{"line":33,"column":18},"end":{"line":33,"column":62}},"14":{"start":{"line":34,"column":2},"end":{"line":34,"column":31}},"15":{"start":{"line":40,"column":26},"end":{"line":42,"column":1}},"16":{"start":{"line":41,"column":2},"end":{"line":41,"column":59}},"17":{"start":{"line":47,"column":25},"end":{"line":49,"column":1}},"18":{"start":{"line":48,"column":2},"end":{"line":48,"column":69}},"19":{"start":{"line":54,"column":28},"end":{"line":57,"column":1}},"20":{"start":{"line":55,"column":2},"end":{"line":55,"column":24}},"21":{"start":{"line":55,"column":12},"end":{"line":55,"column":24}},"22":{"start":{"line":56,"column":2},"end":{"line":56,"column":46}},"23":{"start":{"line":62,"column":17},"end":{"line":65,"column":1}},"24":{"start":{"line":63,"column":15},"end":{"line":63,"column":33}},"25":{"start":{"line":64,"column":2},"end":{"line":64,"column":39}},"26":{"start":{"line":70,"column":27},"end":{"line":82,"column":1}},"27":{"start":{"line":71,"column":2},"end":{"line":81,"column":4}},"28":{"start":{"line":84,"column":0},"end":{"line":94,"column":2}}},"fnMap":{"0":{"name":"(anonymous_0)","decl":{"start":{"line":4,"column":19},"end":{"line":4,"column":20}},"loc":{"start":{"line":4,"column":27},"end":{"line":8,"column":1}},"line":4},"1":{"name":"(anonymous_1)","decl":{"start":{"line":5,"column":9},"end":{"line":5,"column":10}},"loc":{"start":{"line":5,"column":29},"end":{"line":7,"column":3}},"line":5},"2":{"name":"(anonymous_2)","decl":{"start":{"line":13,"column":21},"end":{"line":13,"column":22}},"loc":{"start":{"line":13,"column":27},"end":{"line":17,"column":1}},"line":13},"3":{"name":"(anonymous_3)","decl":{"start":{"line":22,"column":22},"end":{"line":22,"column":23}},"loc":{"start":{"line":22,"column":35},"end":{"line":25,"column":1}},"line":22},"4":{"name":"(anonymous_4)","decl":{"start":{"line":30,"column":29},"end":{"line":30,"column":30}},"loc":{"start":{"line":30,"column":35},"end":{"line":35,"column":1}},"line":30},"5":{"name":"(anonymous_5)","decl":{"start":{"line":40,"column":26},"end":{"line":40,"column":27}},"loc":{"start":{"line":40,"column":50},"end":{"line":42,"column":1}},"line":40},"6":{"name":"(anonymous_6)","decl":{"start":{"line":47,"column":25},"end":{"line":47,"column":26}},"loc":{"start":{"line":47,"column":41},"end":{"line":49,"column":1}},"line":47},"7":{"name":"(anonymous_7)","decl":{"start":{"line":54,"column":28},"end":{"line":54,"column":29}},"loc":{"start":{"line":54,"column":37},"end":{"line":57,"column":1}},"line":54},"8":{"name":"(anonymous_8)","decl":{"start":{"line":62,"column":17},"end":{"line":62,"column":18}},"loc":{"start":{"line":62,"column":50},"end":{"line":65,"column":1}},"line":62},"9":{"name":"(anonymous_9)","decl":{"start":{"line":70,"column":27},"end":{"line":70,"column":28}},"loc":{"start":{"line":70,"column":57},"end":{"line":82,"column":1}},"line":70}},"branchMap":{"0":{"loc":{"start":{"line":55,"column":2},"end":{"line":55,"column":24}},"type":"if","locations":[{"start":{"line":55,"column":2},"end":{"line":55,"column":24}},{"start":{},"end":{}}],"line":55},"1":{"loc":{"start":{"line":62,"column":25},"end":{"line":62,"column":33}},"type":"default-arg","locations":[{"start":{"line":62,"column":32},"end":{"line":62,"column":33}}],"line":62},"2":{"loc":{"start":{"line":62,"column":35},"end":{"line":62,"column":45}},"type":"default-arg","locations":[{"start":{"line":62,"column":43},"end":{"line":62,"column":45}}],"line":62}},"s":{"0":8,"1":856,"2":87,"3":8,"4":10,"5":10,"6":10,"7":8,"8":0,"9":0,"10":8,"11":0,"12":0,"13":0,"14":0,"15":8,"16":0,"17":8,"18":1,"19":8,"20":3,"21":0,"22":3,"23":8,"24":0,"25":0,"26":8,"27":8,"28":8},"f":{"0":856,"1":87,"2":10,"3":0,"4":0,"5":0,"6":1,"7":3,"8":0,"9":8},"b":{"0":[0,3],"1":[0],"2":[0]},"_coverageSchema":"1a1c01bbd47fc00a2c39e90264f33305004495a9","hash":"c23d94896647b44fd4a2de08f0bab8f01d84d6ca"}
,"D:\\work-now\\graduation-project\\backend\\src\\validators\\auth.validator.js": {"path":"D:\\work-now\\graduation-project\\backend\\src\\validators\\auth.validator.js","statementMap":{"0":{"start":{"line":1,"column":12},"end":{"line":1,"column":26}},"1":{"start":{"line":3,"column":20},"end":{"line":11,"column":28}},"2":{"start":{"line":13,"column":29},"end":{"line":22,"column":2}},"3":{"start":{"line":24,"column":0},"end":{"line":27,"column":2}}},"fnMap":{},"branchMap":{},"s":{"0":8,"1":8,"2":8,"3":8},"f":{},"b":{},"_coverageSchema":"1a1c01bbd47fc00a2c39e90264f33305004495a9","hash":"9638bbb907509100b8e5c131c7ab90051dd75c6c"}
}
