TN:
SF:src\app.js
FN:46,(anonymous_0)
FN:51,(anonymous_1)
FN:57,(anonymous_2)
FN:60,(anonymous_3)
FNF:4
FNH:1
FNDA:0,(anonymous_0)
FNDA:0,(anonymous_1)
FNDA:0,(anonymous_2)
FNDA:1,(anonymous_3)
DA:1,8
DA:2,8
DA:3,8
DA:4,8
DA:5,8
DA:6,8
DA:7,8
DA:8,8
DA:10,8
DA:13,8
DA:16,8
DA:30,8
DA:33,8
DA:36,8
DA:46,8
DA:47,0
DA:51,8
DA:52,0
DA:53,0
DA:57,8
DA:60,8
DA:61,1
DA:69,8
DA:70,8
DA:71,8
DA:72,8
DA:73,8
DA:74,8
DA:75,8
DA:76,8
DA:77,8
DA:78,8
DA:79,8
DA:80,8
DA:81,8
DA:84,8
DA:85,8
DA:87,8
LF:38
LH:35
BRF:0
BRH:0
end_of_record
TN:
SF:src\config\constants.js
FNF:0
FNH:0
DA:1,9
LF:1
LH:1
BRF:0
BRH:0
end_of_record
TN:
SF:src\config\env.js
FNF:0
FNH:0
DA:1,9
DA:3,9
LF:2
LH:2
BRDA:4,0,0,9
BRDA:4,0,1,0
BRDA:5,1,0,9
BRDA:5,1,1,0
BRDA:9,2,0,9
BRDA:9,2,1,0
BRDA:11,3,0,9
BRDA:11,3,1,0
BRDA:16,4,0,9
BRDA:16,4,1,0
BRDA:18,5,0,9
BRDA:18,5,1,0
BRDA:19,6,0,9
BRDA:19,6,1,0
BRF:14
BRH:7
end_of_record
TN:
SF:src\config\swagger.js
FNF:0
FNH:0
DA:1,8
DA:3,8
DA:346,8
DA:348,8
LF:4
LH:4
BRF:0
BRH:0
end_of_record
TN:
SF:src\controllers\ai.controller.js
FN:6,(anonymous_0)
FNF:1
FNH:1
FNDA:2,(anonymous_0)
DA:1,8
DA:6,8
DA:7,2
DA:8,2
DA:10,2
DA:11,2
DA:12,2
DA:14,2
DA:15,2
DA:16,2
DA:19,2
DA:20,1
DA:21,1
DA:27,1
DA:28,1
DA:30,1
DA:32,1
DA:33,0
DA:36,1
DA:42,0
DA:43,0
DA:45,0
DA:52,8
LF:23
LH:19
BRDA:15,0,0,2
BRDA:15,0,1,0
BRDA:15,1,0,2
BRDA:15,1,1,2
BRDA:19,2,0,1
BRDA:19,2,1,1
BRDA:19,3,0,2
BRDA:19,3,1,2
BRDA:32,4,0,0
BRDA:32,4,1,1
BRDA:38,5,0,1
BRDA:38,5,1,0
BRDA:47,6,0,0
BRDA:47,6,1,0
BRF:14
BRH:9
end_of_record
TN:
SF:src\controllers\attendance.controller.js
FN:22,(anonymous_0)
FN:30,(anonymous_1)
FN:65,(anonymous_2)
FN:95,(anonymous_3)
FN:110,(anonymous_4)
FN:135,(anonymous_5)
FN:167,(anonymous_6)
FN:188,(anonymous_7)
FN:194,(anonymous_8)
FN:207,(anonymous_9)
FN:224,(anonymous_10)
FN:265,(anonymous_11)
FN:266,(anonymous_12)
FN:276,(anonymous_13)
FN:281,(anonymous_14)
FN:285,(anonymous_15)
FN:311,(anonymous_16)
FN:346,(anonymous_17)
FN:378,(anonymous_18)
FN:448,(anonymous_19)
FN:499,(anonymous_20)
FN:516,(anonymous_21)
FN:548,(anonymous_22)
FN:568,(anonymous_23)
FN:596,(anonymous_24)
FN:597,(anonymous_25)
FN:618,(anonymous_26)
FNF:27
FNH:2
FNDA:0,(anonymous_0)
FNDA:0,(anonymous_1)
FNDA:1,(anonymous_2)
FNDA:0,(anonymous_3)
FNDA:0,(anonymous_4)
FNDA:0,(anonymous_5)
FNDA:0,(anonymous_6)
FNDA:0,(anonymous_7)
FNDA:0,(anonymous_8)
FNDA:0,(anonymous_9)
FNDA:0,(anonymous_10)
FNDA:0,(anonymous_11)
FNDA:0,(anonymous_12)
FNDA:0,(anonymous_13)
FNDA:0,(anonymous_14)
FNDA:0,(anonymous_15)
FNDA:1,(anonymous_16)
FNDA:0,(anonymous_17)
FNDA:0,(anonymous_18)
FNDA:0,(anonymous_19)
FNDA:0,(anonymous_20)
FNDA:0,(anonymous_21)
FNDA:0,(anonymous_22)
FNDA:0,(anonymous_23)
FNDA:0,(anonymous_24)
FNDA:0,(anonymous_25)
FNDA:0,(anonymous_26)
DA:7,8
DA:8,8
DA:10,8
DA:11,8
DA:16,8
DA:22,8
DA:23,0
DA:25,0
DA:28,0
DA:29,0
DA:30,0
DA:33,0
DA:34,0
DA:35,0
DA:37,0
DA:38,0
DA:39,0
DA:40,0
DA:41,0
DA:42,0
DA:45,0
DA:46,0
DA:55,0
DA:65,8
DA:66,1
DA:68,1
DA:70,1
DA:71,0
DA:72,0
DA:73,0
DA:76,1
DA:77,1
DA:85,1
DA:95,8
DA:96,0
DA:98,0
DA:106,0
DA:108,0
DA:109,0
DA:110,0
DA:113,0
DA:135,8
DA:136,0
DA:137,0
DA:139,0
DA:141,0
DA:142,0
DA:143,0
DA:144,0
DA:145,0
DA:146,0
DA:149,0
DA:152,0
DA:156,0
DA:167,8
DA:168,0
DA:171,0
DA:177,0
DA:178,0
DA:184,0
DA:188,0
DA:194,0
DA:207,8
DA:208,0
DA:210,0
DA:211,0
DA:216,0
DA:220,0
DA:221,0
DA:224,0
DA:227,0
DA:265,0
DA:266,0
DA:268,0
DA:275,0
DA:276,0
DA:277,0
DA:280,0
DA:281,0
DA:282,0
DA:285,0
DA:300,0
DA:311,8
DA:312,1
DA:314,1
DA:315,0
DA:320,1
DA:321,1
DA:322,0
DA:325,1
DA:326,1
DA:327,1
DA:328,1
DA:329,1
DA:331,1
DA:336,1
DA:346,8
DA:347,0
DA:349,0
DA:350,0
DA:353,0
DA:354,0
DA:355,0
DA:358,0
DA:359,0
DA:360,0
DA:361,0
DA:362,0
DA:364,0
DA:368,0
DA:378,8
DA:379,0
DA:380,0
DA:382,0
DA:384,0
DA:385,0
DA:388,0
DA:389,0
DA:390,0
DA:391,0
DA:393,0
DA:394,0
DA:395,0
DA:396,0
DA:398,0
DA:404,0
DA:411,0
DA:413,0
DA:415,0
DA:431,0
DA:448,8
DA:449,0
DA:450,0
DA:452,0
DA:456,0
DA:457,0
DA:462,0
DA:464,0
DA:465,0
DA:471,0
DA:478,0
DA:480,0
DA:483,0
DA:484,0
DA:487,0
DA:488,0
DA:492,0
DA:499,8
DA:500,0
DA:502,0
DA:503,0
DA:504,0
DA:505,0
DA:506,0
DA:508,0
DA:514,0
DA:515,0
DA:516,0
DA:519,0
DA:520,0
DA:524,0
DA:529,0
DA:548,8
DA:549,0
DA:551,0
DA:552,0
DA:554,0
DA:556,0
DA:557,0
DA:558,0
DA:560,0
DA:566,0
DA:567,0
DA:568,0
DA:572,0
DA:573,0
DA:574,0
DA:575,0
DA:576,0
DA:577,0
DA:579,0
DA:580,0
DA:581,0
DA:586,0
DA:596,0
DA:597,0
DA:599,0
DA:618,8
DA:620,0
DA:622,0
DA:623,0
DA:633,0
DA:638,0
DA:639,0
DA:649,0
DA:650,0
DA:652,0
DA:653,0
DA:654,0
DA:655,0
DA:657,0
DA:658,0
DA:659,0
DA:660,0
DA:661,0
DA:663,0
DA:668,0
DA:672,0
LF:208
LH:35
BRDA:23,0,0,0
BRDA:23,1,0,0
BRDA:28,2,0,0
BRDA:28,2,1,0
BRDA:33,3,0,0
BRDA:33,3,1,0
BRDA:34,4,0,0
BRDA:34,4,1,0
BRDA:35,5,0,0
BRDA:35,5,1,0
BRDA:37,6,0,0
BRDA:37,6,1,0
BRDA:66,7,0,1
BRDA:66,8,0,1
BRDA:70,9,0,0
BRDA:70,9,1,1
BRDA:70,10,0,1
BRDA:70,10,1,1
BRDA:72,11,0,0
BRDA:72,11,1,0
BRDA:73,12,0,0
BRDA:73,12,1,0
BRDA:122,13,0,0
BRDA:122,13,1,0
BRDA:141,14,0,0
BRDA:141,14,1,0
BRDA:208,15,0,0
BRDA:211,16,0,0
BRDA:211,16,1,0
BRDA:212,17,0,0
BRDA:212,17,1,0
BRDA:212,17,2,0
BRDA:220,18,0,0
BRDA:220,18,1,0
BRDA:286,19,0,0
BRDA:286,19,1,0
BRDA:290,20,0,0
BRDA:290,20,1,0
BRDA:314,21,0,0
BRDA:314,21,1,1
BRDA:314,22,0,1
BRDA:314,22,1,1
BRDA:321,23,0,0
BRDA:321,23,1,1
BRDA:326,24,0,1
BRDA:326,24,1,0
BRDA:349,25,0,0
BRDA:349,25,1,0
BRDA:354,26,0,0
BRDA:354,26,1,0
BRDA:380,27,0,0
BRDA:380,28,0,0
BRDA:384,29,0,0
BRDA:384,29,1,0
BRDA:396,30,0,0
BRDA:396,30,1,0
BRDA:413,31,0,0
BRDA:413,31,1,0
BRDA:450,32,0,0
BRDA:456,33,0,0
BRDA:456,33,1,0
BRDA:480,34,0,0
BRDA:480,34,1,0
BRDA:483,35,0,0
BRDA:483,35,1,0
BRDA:483,36,0,0
BRDA:483,36,1,0
BRDA:502,37,0,0
BRDA:502,37,1,0
BRDA:514,38,0,0
BRDA:514,38,1,0
BRDA:537,39,0,0
BRDA:537,39,1,0
BRDA:551,40,0,0
BRDA:551,40,1,0
BRDA:566,41,0,0
BRDA:566,41,1,0
BRDA:592,42,0,0
BRDA:592,42,1,0
BRDA:608,43,0,0
BRDA:608,43,1,0
BRDA:622,44,0,0
BRDA:622,44,1,0
BRDA:622,45,0,0
BRDA:622,45,1,0
BRDA:638,46,0,0
BRDA:638,46,1,0
BRDA:652,47,0,0
BRDA:652,47,1,0
BRDA:654,48,0,0
BRDA:654,48,1,0
BRDA:660,49,0,0
BRDA:660,49,1,0
BRDA:668,50,0,0
BRDA:668,50,1,0
BRDA:669,51,0,0
BRDA:669,51,1,0
BRDA:669,52,0,0
BRDA:669,52,1,0
BRDA:677,53,0,0
BRDA:677,53,1,0
BRDA:678,54,0,0
BRDA:678,54,1,0
BRDA:679,55,0,0
BRDA:679,55,1,0
BRF:105
BRH:10
end_of_record
TN:
SF:src\controllers\auth.controller.js
FN:12,(anonymous_0)
FN:19,(anonymous_1)
FN:29,(anonymous_2)
FN:44,(anonymous_3)
FN:59,(anonymous_4)
FN:73,(anonymous_5)
FN:135,(anonymous_6)
FN:216,(anonymous_7)
FN:284,(anonymous_8)
FN:305,(anonymous_9)
FN:355,(anonymous_10)
FN:372,(anonymous_11)
FN:478,(anonymous_12)
FN:565,(anonymous_13)
FN:589,(anonymous_14)
FNF:15
FNH:9
FNDA:4,(anonymous_0)
FNDA:4,(anonymous_1)
FNDA:9,(anonymous_2)
FNDA:7,(anonymous_3)
FNDA:1,(anonymous_4)
FNDA:5,(anonymous_5)
FNDA:5,(anonymous_6)
FNDA:1,(anonymous_7)
FNDA:0,(anonymous_8)
FNDA:0,(anonymous_9)
FNDA:0,(anonymous_10)
FNDA:0,(anonymous_11)
FNDA:0,(anonymous_12)
FNDA:0,(anonymous_13)
FNDA:1,(anonymous_14)
DA:1,8
DA:2,8
DA:3,8
DA:4,8
DA:5,8
DA:6,8
DA:7,8
DA:12,8
DA:19,8
DA:29,8
DA:30,9
DA:34,9
DA:38,9
DA:44,8
DA:59,8
DA:61,1
DA:73,8
DA:74,5
DA:77,5
DA:79,5
DA:80,0
DA:84,5
DA:85,1
DA:88,4
DA:89,0
DA:93,4
DA:94,4
DA:95,1
DA:99,3
DA:100,3
DA:103,3
DA:106,3
DA:107,3
DA:109,3
DA:116,3
DA:117,3
DA:118,3
DA:119,3
DA:122,3
DA:135,8
DA:136,5
DA:139,5
DA:140,5
DA:142,5
DA:143,0
DA:147,5
DA:148,0
DA:151,5
DA:152,0
DA:156,5
DA:157,5
DA:158,0
DA:162,5
DA:163,5
DA:165,3
DA:171,2
DA:176,1
DA:183,4
DA:184,4
DA:187,4
DA:190,4
DA:191,4
DA:193,4
DA:201,4
DA:216,8
DA:217,1
DA:219,1
DA:220,0
DA:221,0
DA:222,0
DA:227,1
DA:228,1
DA:230,0
DA:231,0
DA:232,0
DA:236,1
DA:241,1
DA:242,0
DA:243,0
DA:244,0
DA:248,1
DA:249,0
DA:250,0
DA:251,0
DA:252,0
DA:256,1
DA:259,1
DA:260,1
DA:261,1
DA:264,1
DA:265,1
DA:266,1
DA:267,1
DA:273,1
DA:284,8
DA:285,0
DA:287,0
DA:288,0
DA:291,0
DA:292,0
DA:294,0
DA:305,8
DA:306,0
DA:308,0
DA:309,0
DA:314,0
DA:315,0
DA:317,0
DA:321,0
DA:326,0
DA:327,0
DA:331,0
DA:332,0
DA:333,0
DA:337,0
DA:340,0
DA:341,0
DA:342,0
DA:344,0
DA:355,8
DA:356,0
DA:358,0
DA:359,0
DA:362,0
DA:372,8
DA:373,0
DA:376,0
DA:377,0
DA:379,0
DA:380,0
DA:383,0
DA:384,0
DA:388,0
DA:389,0
DA:390,0
DA:394,0
DA:395,0
DA:397,0
DA:403,0
DA:407,0
DA:414,0
DA:415,0
DA:418,0
DA:421,0
DA:422,0
DA:424,0
DA:432,0
DA:445,0
DA:447,0
DA:448,0
DA:451,0
DA:452,0
DA:455,0
DA:463,0
DA:478,8
DA:480,0
DA:482,0
DA:483,0
DA:488,0
DA:489,0
DA:492,0
DA:493,0
DA:494,0
DA:496,0
DA:500,0
DA:505,0
DA:507,0
DA:508,0
DA:509,0
DA:511,0
DA:515,0
DA:516,0
DA:517,0
DA:521,0
DA:524,0
DA:525,0
DA:526,0
DA:529,0
DA:531,0
DA:533,0
DA:534,0
DA:537,0
DA:542,0
DA:548,0
DA:554,0
DA:565,8
DA:567,0
DA:569,0
DA:570,0
DA:574,0
DA:575,0
DA:576,0
DA:579,0
DA:589,8
DA:590,1
DA:592,1
DA:595,1
DA:596,1
DA:597,0
DA:601,1
DA:602,1
DA:605,1
DA:608,1
DA:611,1
DA:612,1
DA:613,1
DA:619,1
DA:621,0
DA:622,0
DA:623,0
DA:628,0
DA:634,0
DA:640,1
LF:213
LH:95
BRDA:62,0,0,1
BRDA:62,0,1,1
BRDA:62,0,2,1
BRDA:62,0,3,0
BRDA:79,1,0,0
BRDA:79,1,1,5
BRDA:84,2,0,1
BRDA:84,2,1,4
BRDA:84,3,0,5
BRDA:84,3,1,2
BRDA:88,4,0,0
BRDA:88,4,1,4
BRDA:94,5,0,1
BRDA:94,5,1,3
BRDA:139,6,0,0
BRDA:139,6,1,5
BRDA:142,7,0,0
BRDA:142,7,1,5
BRDA:147,8,0,0
BRDA:147,8,1,5
BRDA:151,9,0,0
BRDA:151,9,1,5
BRDA:157,10,0,0
BRDA:157,10,1,5
BRDA:162,11,0,5
BRDA:162,11,1,0
BRDA:162,12,0,5
BRDA:162,12,1,5
BRDA:163,13,0,3
BRDA:163,13,1,2
BRDA:163,14,0,5
BRDA:163,14,1,5
BRDA:171,15,0,1
BRDA:171,15,1,1
BRDA:219,16,0,0
BRDA:219,16,1,1
BRDA:241,17,0,0
BRDA:241,17,1,1
BRDA:248,18,0,0
BRDA:248,18,1,1
BRDA:287,19,0,0
BRDA:287,19,1,0
BRDA:308,20,0,0
BRDA:308,20,1,0
BRDA:326,21,0,0
BRDA:326,21,1,0
BRDA:331,22,0,0
BRDA:331,22,1,0
BRDA:358,23,0,0
BRDA:358,23,1,0
BRDA:376,24,0,0
BRDA:376,24,1,0
BRDA:379,25,0,0
BRDA:379,25,1,0
BRDA:383,26,0,0
BRDA:383,26,1,0
BRDA:389,27,0,0
BRDA:389,27,1,0
BRDA:394,28,0,0
BRDA:394,28,1,0
BRDA:394,29,0,0
BRDA:394,29,1,0
BRDA:394,29,2,0
BRDA:395,30,0,0
BRDA:395,30,1,0
BRDA:395,31,0,0
BRDA:395,31,1,0
BRDA:403,32,0,0
BRDA:403,32,1,0
BRDA:445,33,0,0
BRDA:445,33,1,0
BRDA:480,34,0,0
BRDA:480,34,1,0
BRDA:482,35,0,0
BRDA:482,35,1,0
BRDA:492,36,0,0
BRDA:492,36,1,0
BRDA:505,37,0,0
BRDA:505,37,1,0
BRDA:507,38,0,0
BRDA:507,38,1,0
BRDA:515,39,0,0
BRDA:515,39,1,0
BRDA:531,40,0,0
BRDA:531,40,1,0
BRDA:567,41,0,0
BRDA:567,41,1,0
BRDA:569,42,0,0
BRDA:569,42,1,0
BRDA:574,43,0,0
BRDA:574,43,1,0
BRDA:596,44,0,0
BRDA:596,44,1,1
BRDA:619,45,0,0
BRDA:619,45,1,1
BRF:95
BRH:30
end_of_record
TN:
SF:src\controllers\connections.controller.js
FN:28,(anonymous_0)
FN:154,handleConnect
FN:199,(anonymous_2)
FN:275,handleDisconnect
FN:343,(anonymous_4)
FN:384,(anonymous_5)
FN:415,(anonymous_6)
FN:431,(anonymous_7)
FNF:8
FNH:4
FNDA:3,(anonymous_0)
FNDA:2,handleConnect
FNDA:2,(anonymous_2)
FNDA:1,handleDisconnect
FNDA:0,(anonymous_4)
FNDA:0,(anonymous_5)
FNDA:0,(anonymous_6)
FNDA:0,(anonymous_7)
DA:9,8
DA:14,8
DA:15,8
DA:22,8
DA:28,8
DA:29,3
DA:31,3
DA:33,3
DA:34,3
DA:35,3
DA:36,3
DA:37,3
DA:38,3
DA:39,3
DA:42,3
DA:44,0
DA:51,3
DA:52,3
DA:53,3
DA:54,3
DA:61,3
DA:62,0
DA:63,0
DA:71,3
DA:72,0
DA:73,0
DA:76,3
DA:77,0
DA:80,0
DA:83,3
DA:86,3
DA:89,3
DA:98,3
DA:99,3
DA:106,3
DA:108,0
DA:109,0
DA:116,0
DA:117,0
DA:118,0
DA:120,0
DA:126,3
DA:134,3
DA:135,2
DA:136,1
DA:137,1
DA:140,3
DA:155,2
DA:157,2
DA:158,2
DA:161,2
DA:166,2
DA:168,0
DA:169,0
DA:170,0
DA:171,0
DA:172,0
DA:175,2
DA:182,2
DA:186,2
DA:187,2
DA:194,2
DA:196,2
DA:197,2
DA:198,2
DA:199,2
DA:201,2
DA:210,2
DA:212,2
DA:218,2
DA:219,2
DA:228,2
DA:232,0
DA:234,0
DA:235,0
DA:236,0
DA:237,0
DA:242,0
DA:249,2
DA:250,2
DA:251,2
DA:253,2
DA:254,2
DA:256,0
DA:260,0
DA:263,0
DA:264,0
DA:267,2
DA:268,2
DA:269,2
DA:276,1
DA:278,1
DA:279,1
DA:282,1
DA:288,1
DA:290,1
DA:294,1
DA:296,1
DA:298,1
DA:299,1
DA:302,1
DA:306,1
DA:309,1
DA:313,1
DA:314,1
DA:315,1
DA:318,1
DA:322,1
DA:323,1
DA:324,1
DA:326,1
DA:327,1
DA:328,1
DA:330,0
DA:331,0
DA:334,1
DA:335,1
DA:336,1
DA:343,8
DA:352,0
DA:354,0
DA:356,0
DA:357,0
DA:358,0
DA:360,0
DA:361,0
DA:362,0
DA:363,0
DA:366,0
DA:367,0
DA:374,0
DA:384,8
DA:385,0
DA:386,0
DA:388,0
DA:390,0
DA:391,0
DA:392,0
DA:393,0
DA:394,0
DA:395,0
DA:398,0
DA:399,0
DA:405,0
DA:415,8
DA:416,0
DA:420,0
DA:431,8
DA:432,0
DA:434,0
DA:435,0
DA:439,0
DA:440,0
DA:441,0
DA:445,0
DA:451,0
DA:452,0
DA:453,0
DA:454,0
DA:455,0
DA:462,0
DA:463,0
DA:465,0
DA:466,0
DA:468,0
DA:471,0
LF:166
LH:92
BRDA:42,0,0,0
BRDA:42,0,1,3
BRDA:52,1,0,3
BRDA:52,1,1,0
BRDA:58,2,0,3
BRDA:58,2,1,0
BRDA:61,3,0,0
BRDA:61,3,1,3
BRDA:61,4,0,3
BRDA:61,4,1,0
BRDA:67,5,0,0
BRDA:67,5,1,0
BRDA:71,6,0,0
BRDA:71,6,1,3
BRDA:71,7,0,3
BRDA:71,7,1,0
BRDA:76,8,0,0
BRDA:76,8,1,3
BRDA:93,9,0,3
BRDA:93,9,1,2
BRDA:103,10,0,3
BRDA:103,10,1,0
BRDA:106,11,0,0
BRDA:106,11,1,3
BRDA:111,12,0,0
BRDA:111,12,1,0
BRDA:134,13,0,2
BRDA:134,13,1,1
BRDA:136,14,0,1
BRDA:136,14,1,0
BRDA:166,15,0,0
BRDA:166,15,1,2
BRDA:189,16,0,2
BRDA:189,16,1,0
BRDA:194,17,0,2
BRDA:194,17,1,0
BRDA:196,18,0,2
BRDA:196,18,1,0
BRDA:210,19,0,2
BRDA:210,19,1,0
BRDA:218,20,0,2
BRDA:218,20,1,0
BRDA:232,21,0,0
BRDA:232,21,1,0
BRDA:288,22,0,1
BRDA:288,22,1,0
BRDA:288,23,0,1
BRDA:288,23,1,1
BRDA:294,24,0,1
BRDA:294,24,1,0
BRDA:294,25,0,1
BRDA:294,25,1,1
BRDA:298,26,0,1
BRDA:298,26,1,0
BRDA:313,27,0,1
BRDA:313,27,1,0
BRDA:345,28,0,0
BRDA:346,29,0,0
BRDA:356,30,0,0
BRDA:356,30,1,0
BRDA:357,31,0,0
BRDA:357,31,1,0
BRDA:358,32,0,0
BRDA:358,32,1,0
BRDA:360,33,0,0
BRDA:360,33,1,0
BRDA:360,34,0,0
BRDA:360,34,1,0
BRDA:362,35,0,0
BRDA:362,35,1,0
BRDA:363,36,0,0
BRDA:363,36,1,0
BRDA:386,37,0,0
BRDA:386,38,0,0
BRDA:390,39,0,0
BRDA:390,39,1,0
BRDA:434,40,0,0
BRDA:434,40,1,0
BRDA:440,41,0,0
BRDA:440,41,1,0
BRDA:451,42,0,0
BRDA:451,42,1,0
BRDA:465,43,0,0
BRDA:465,43,1,0
BRF:84
BRH:29
end_of_record
TN:
SF:src\controllers\courses.controller.js
FN:10,(anonymous_0)
FN:53,(anonymous_1)
FN:72,(anonymous_2)
FN:85,(anonymous_3)
FN:105,(anonymous_4)
FN:126,(anonymous_5)
FN:148,(anonymous_6)
FN:162,(anonymous_7)
FN:183,(anonymous_8)
FN:191,(anonymous_9)
FN:209,(anonymous_10)
FN:239,(anonymous_11)
FN:282,(anonymous_12)
FN:303,(anonymous_13)
FN:315,(anonymous_14)
FN:335,(anonymous_15)
FN:348,(anonymous_16)
FN:367,(anonymous_17)
FN:386,(anonymous_18)
FN:388,(anonymous_19)
FN:388,(anonymous_20)
FN:409,(anonymous_21)
FNF:22
FNH:3
FNDA:1,(anonymous_0)
FNDA:0,(anonymous_1)
FNDA:0,(anonymous_2)
FNDA:0,(anonymous_3)
FNDA:0,(anonymous_4)
FNDA:0,(anonymous_5)
FNDA:1,(anonymous_6)
FNDA:1,(anonymous_7)
FNDA:0,(anonymous_8)
FNDA:0,(anonymous_9)
FNDA:0,(anonymous_10)
FNDA:0,(anonymous_11)
FNDA:0,(anonymous_12)
FNDA:0,(anonymous_13)
FNDA:0,(anonymous_14)
FNDA:0,(anonymous_15)
FNDA:0,(anonymous_16)
FNDA:0,(anonymous_17)
FNDA:0,(anonymous_18)
FNDA:0,(anonymous_19)
FNDA:0,(anonymous_20)
FNDA:0,(anonymous_21)
DA:1,8
DA:2,8
DA:3,8
DA:4,8
DA:10,8
DA:19,1
DA:21,1
DA:23,1
DA:24,1
DA:25,1
DA:26,1
DA:28,1
DA:29,0
DA:35,1
DA:36,1
DA:43,1
DA:53,8
DA:54,0
DA:58,0
DA:59,0
DA:62,0
DA:72,8
DA:73,0
DA:75,0
DA:85,8
DA:86,0
DA:91,0
DA:92,0
DA:95,0
DA:105,8
DA:106,0
DA:112,0
DA:113,0
DA:116,0
DA:126,8
DA:127,0
DA:133,0
DA:134,0
DA:137,0
DA:148,8
DA:150,1
DA:152,1
DA:153,0
DA:156,1
DA:157,1
DA:158,0
DA:162,1
DA:163,1
DA:164,1
DA:167,1
DA:172,1
DA:183,8
DA:184,0
DA:186,0
DA:187,0
DA:188,0
DA:191,0
DA:192,0
DA:195,0
DA:199,0
DA:209,8
DA:210,0
DA:212,0
DA:213,0
DA:214,0
DA:215,0
DA:216,0
DA:217,0
DA:218,0
DA:221,0
DA:222,0
DA:229,0
DA:239,8
DA:240,0
DA:242,0
DA:246,0
DA:247,0
DA:250,0
DA:252,0
DA:253,0
DA:259,0
DA:266,0
DA:282,0
DA:284,0
DA:303,8
DA:304,0
DA:306,0
DA:307,0
DA:310,0
DA:311,0
DA:312,0
DA:315,0
DA:316,0
DA:317,0
DA:319,0
DA:324,0
DA:335,8
DA:336,0
DA:338,0
DA:339,0
DA:342,0
DA:343,0
DA:344,0
DA:347,0
DA:348,0
DA:350,0
DA:352,0
DA:357,0
DA:367,8
DA:368,0
DA:370,0
DA:371,0
DA:374,0
DA:375,0
DA:376,0
DA:380,0
DA:386,0
DA:387,0
DA:388,0
DA:391,0
DA:392,0
DA:394,0
DA:399,0
DA:409,8
DA:410,0
DA:412,0
DA:413,0
DA:414,0
DA:417,0
DA:422,0
DA:428,0
DA:434,0
LF:132
LH:37
BRDA:12,0,0,1
BRDA:13,1,0,1
BRDA:23,2,0,0
BRDA:23,2,1,1
BRDA:24,3,0,1
BRDA:24,3,1,0
BRDA:25,4,0,0
BRDA:25,4,1,1
BRDA:26,5,0,0
BRDA:26,5,1,1
BRDA:28,6,0,0
BRDA:28,6,1,1
BRDA:58,7,0,0
BRDA:58,7,1,0
BRDA:91,8,0,0
BRDA:91,8,1,0
BRDA:112,9,0,0
BRDA:112,9,1,0
BRDA:133,10,0,0
BRDA:133,10,1,0
BRDA:150,11,0,1
BRDA:150,11,1,0
BRDA:152,12,0,0
BRDA:152,12,1,1
BRDA:152,13,0,1
BRDA:152,13,1,1
BRDA:157,14,0,0
BRDA:157,14,1,1
BRDA:187,15,0,0
BRDA:187,15,1,0
BRDA:210,16,0,0
BRDA:210,17,0,0
BRDA:213,18,0,0
BRDA:213,18,1,0
BRDA:246,19,0,0
BRDA:246,19,1,0
BRDA:275,20,0,0
BRDA:275,20,1,0
BRDA:306,21,0,0
BRDA:306,21,1,0
BRDA:306,22,0,0
BRDA:306,22,1,0
BRDA:311,23,0,0
BRDA:311,23,1,0
BRDA:338,24,0,0
BRDA:338,24,1,0
BRDA:338,25,0,0
BRDA:338,25,1,0
BRDA:343,26,0,0
BRDA:343,26,1,0
BRDA:370,27,0,0
BRDA:370,27,1,0
BRDA:375,28,0,0
BRDA:375,28,1,0
BRDA:413,29,0,0
BRDA:413,29,1,0
BRDA:442,30,0,0
BRDA:442,30,1,0
BRF:58
BRH:12
end_of_record
TN:
SF:src\controllers\dashboard.controller.js
FN:9,(anonymous_0)
FN:106,(anonymous_1)
FN:164,(anonymous_2)
FN:188,(anonymous_3)
FN:198,(anonymous_4)
FN:214,(anonymous_5)
FNF:6
FNH:5
FNDA:1,(anonymous_0)
FNDA:1,(anonymous_1)
FNDA:1,(anonymous_2)
FNDA:1,(anonymous_3)
FNDA:1,(anonymous_4)
FNDA:0,(anonymous_5)
DA:1,8
DA:2,8
DA:3,8
DA:9,8
DA:17,1
DA:26,1
DA:27,1
DA:29,1
DA:35,1
DA:36,1
DA:37,1
DA:38,1
DA:40,1
DA:64,1
DA:71,1
DA:80,1
DA:81,1
DA:82,1
DA:84,1
DA:106,1
DA:114,1
DA:140,1
DA:164,8
DA:165,1
DA:168,1
DA:170,1
DA:172,1
DA:188,8
DA:189,1
DA:192,1
DA:198,1
DA:204,1
DA:214,8
DA:215,0
DA:216,0
DA:218,0
DA:223,0
LF:37
LH:33
BRDA:64,0,0,1
BRDA:64,0,1,0
BRDA:71,1,0,1
BRDA:71,1,1,0
BRDA:110,2,0,1
BRDA:110,2,1,0
BRDA:155,3,0,1
BRDA:155,3,1,1
BRDA:170,4,0,1
BRDA:170,4,1,0
BRDA:170,5,0,0
BRDA:170,5,1,0
BRDA:178,6,0,1
BRDA:178,6,1,0
BRDA:189,7,0,1
BRDA:199,8,0,1
BRDA:199,8,1,0
BRDA:200,9,0,1
BRDA:200,9,1,0
BRDA:200,10,0,1
BRDA:200,10,1,0
BRDA:200,11,0,1
BRDA:200,11,1,0
BRF:23
BRH:12
end_of_record
TN:
SF:src\controllers\departments.controller.js
FN:9,(anonymous_0)
FN:23,(anonymous_1)
FN:40,(anonymous_2)
FN:53,(anonymous_3)
FN:74,(anonymous_4)
FNF:5
FNH:2
FNDA:1,(anonymous_0)
FNDA:0,(anonymous_1)
FNDA:0,(anonymous_2)
FNDA:1,(anonymous_3)
FNDA:0,(anonymous_4)
DA:1,8
DA:2,8
DA:3,8
DA:9,8
DA:10,1
DA:12,1
DA:23,8
DA:24,0
DA:26,0
DA:27,0
DA:30,0
DA:40,8
DA:41,0
DA:43,0
DA:53,8
DA:54,1
DA:60,1
DA:61,0
DA:64,1
DA:74,8
DA:75,0
DA:77,0
DA:78,0
DA:81,0
LF:24
LH:13
BRDA:26,0,0,0
BRDA:26,0,1,0
BRDA:60,1,0,0
BRDA:60,1,1,1
BRDA:77,2,0,0
BRDA:77,2,1,0
BRF:6
BRH:1
end_of_record
TN:
SF:src\controllers\doctors.controller.js
FN:10,(anonymous_0)
FN:44,(anonymous_1)
FN:64,(anonymous_2)
FN:82,(anonymous_3)
FN:106,(anonymous_4)
FN:127,(anonymous_5)
FN:149,(anonymous_6)
FN:172,(anonymous_7)
FNF:8
FNH:2
FNDA:1,(anonymous_0)
FNDA:0,(anonymous_1)
FNDA:0,(anonymous_2)
FNDA:0,(anonymous_3)
FNDA:0,(anonymous_4)
FNDA:0,(anonymous_5)
FNDA:0,(anonymous_6)
FNDA:1,(anonymous_7)
DA:1,8
DA:2,8
DA:3,8
DA:4,8
DA:10,8
DA:11,1
DA:13,1
DA:15,1
DA:16,0
DA:19,1
DA:20,1
DA:27,1
DA:28,1
DA:34,1
DA:44,8
DA:45,0
DA:50,0
DA:51,0
DA:54,0
DA:64,8
DA:65,0
DA:70,0
DA:72,0
DA:82,8
DA:83,0
DA:84,0
DA:86,0
DA:92,0
DA:93,0
DA:96,0
DA:106,8
DA:107,0
DA:113,0
DA:114,0
DA:117,0
DA:127,8
DA:128,0
DA:131,0
DA:132,0
DA:135,0
DA:139,0
DA:149,8
DA:150,0
DA:153,0
DA:154,0
DA:157,0
DA:162,0
DA:172,8
DA:173,1
DA:174,1
DA:176,1
DA:177,0
DA:181,1
DA:186,1
DA:187,0
DA:191,1
DA:196,1
LF:57
LH:27
BRDA:11,0,0,1
BRDA:11,1,0,1
BRDA:15,2,0,0
BRDA:15,2,1,1
BRDA:19,3,0,1
BRDA:19,3,1,0
BRDA:50,4,0,0
BRDA:50,4,1,0
BRDA:92,5,0,0
BRDA:92,5,1,0
BRDA:113,6,0,0
BRDA:113,6,1,0
BRDA:131,7,0,0
BRDA:131,7,1,0
BRDA:131,8,0,0
BRDA:131,8,1,0
BRDA:153,9,0,0
BRDA:153,9,1,0
BRDA:153,10,0,0
BRDA:153,10,1,0
BRDA:176,11,0,0
BRDA:176,11,1,1
BRDA:176,12,0,1
BRDA:176,12,1,1
BRDA:186,13,0,0
BRDA:186,13,1,1
BRF:26
BRH:8
end_of_record
TN:
SF:src\controllers\halls.controller.js
FN:10,(anonymous_0)
FN:24,(anonymous_1)
FN:41,(anonymous_2)
FN:65,(anonymous_3)
FN:88,(anonymous_4)
FN:105,(anonymous_5)
FN:134,(anonymous_6)
FNF:7
FNH:0
FNDA:0,(anonymous_0)
FNDA:0,(anonymous_1)
FNDA:0,(anonymous_2)
FNDA:0,(anonymous_3)
FNDA:0,(anonymous_4)
FNDA:0,(anonymous_5)
FNDA:0,(anonymous_6)
DA:1,8
DA:2,8
DA:3,8
DA:4,8
DA:10,8
DA:11,0
DA:13,0
DA:24,8
DA:25,0
DA:27,0
DA:28,0
DA:31,0
DA:41,8
DA:43,0
DA:45,0
DA:53,0
DA:55,0
DA:65,8
DA:67,0
DA:69,0
DA:74,0
DA:75,0
DA:78,0
DA:88,8
DA:89,0
DA:91,0
DA:92,0
DA:95,0
DA:105,8
DA:106,0
DA:108,0
DA:110,0
DA:111,0
DA:114,0
DA:115,0
DA:116,0
DA:118,0
DA:119,0
DA:122,0
DA:124,0
DA:134,8
DA:135,0
DA:137,0
DA:138,0
DA:141,0
LF:45
LH:11
BRDA:27,0,0,0
BRDA:27,0,1,0
BRDA:74,1,0,0
BRDA:74,1,1,0
BRDA:91,2,0,0
BRDA:91,2,1,0
BRDA:110,3,0,0
BRDA:110,3,1,0
BRDA:114,4,0,0
BRDA:114,4,1,0
BRDA:115,5,0,0
BRDA:115,5,1,0
BRDA:116,6,0,0
BRDA:116,6,1,0
BRDA:118,7,0,0
BRDA:118,7,1,0
BRDA:137,8,0,0
BRDA:137,8,1,0
BRF:18
BRH:0
end_of_record
TN:
SF:src\controllers\lectures.controller.js
FN:15,(anonymous_0)
FN:43,(anonymous_1)
FN:63,(anonymous_2)
FN:110,(anonymous_3)
FN:162,(anonymous_4)
FN:183,(anonymous_5)
FN:209,(anonymous_6)
FN:222,(anonymous_7)
FN:261,(anonymous_8)
FN:285,(anonymous_9)
FN:315,(anonymous_10)
FN:344,(anonymous_11)
FN:403,(anonymous_12)
FN:427,(anonymous_13)
FN:490,(anonymous_14)
FNF:15
FNH:3
FNDA:0,(anonymous_0)
FNDA:0,(anonymous_1)
FNDA:2,(anonymous_2)
FNDA:0,(anonymous_3)
FNDA:0,(anonymous_4)
FNDA:0,(anonymous_5)
FNDA:0,(anonymous_6)
FNDA:0,(anonymous_7)
FNDA:0,(anonymous_8)
FNDA:0,(anonymous_9)
FNDA:0,(anonymous_10)
FNDA:0,(anonymous_11)
FNDA:1,(anonymous_12)
FNDA:1,(anonymous_13)
FNDA:0,(anonymous_14)
DA:6,8
DA:7,8
DA:8,8
DA:9,8
DA:15,8
DA:16,0
DA:18,0
DA:20,0
DA:21,0
DA:22,0
DA:23,0
DA:24,0
DA:26,0
DA:32,0
DA:43,8
DA:44,0
DA:49,0
DA:50,0
DA:53,0
DA:63,8
DA:64,2
DA:67,2
DA:79,2
DA:80,1
DA:86,1
DA:87,1
DA:88,0
DA:91,1
DA:98,1
DA:100,1
DA:110,8
DA:111,0
DA:114,0
DA:115,0
DA:117,0
DA:119,0
DA:120,0
DA:121,0
DA:123,0
DA:136,0
DA:137,0
DA:143,0
DA:148,0
DA:149,0
DA:152,0
DA:162,8
DA:163,0
DA:169,0
DA:170,0
DA:173,0
DA:183,8
DA:184,0
DA:185,0
DA:186,0
DA:188,0
DA:198,0
DA:209,8
DA:210,0
DA:213,0
DA:215,0
DA:219,0
DA:221,0
DA:222,0
DA:224,0
DA:233,0
DA:237,0
DA:247,0
DA:248,0
DA:251,0
DA:261,8
DA:262,0
DA:263,0
DA:265,0
DA:274,0
DA:285,8
DA:286,0
DA:288,0
DA:289,0
DA:292,0
DA:293,0
DA:295,0
DA:304,0
DA:315,8
DA:316,0
DA:318,0
DA:319,0
DA:320,0
DA:322,0
DA:329,0
DA:330,0
DA:331,0
DA:334,0
DA:344,8
DA:353,0
DA:355,0
DA:356,0
DA:362,0
DA:369,0
DA:370,0
DA:375,0
DA:376,0
DA:377,0
DA:380,0
DA:388,0
DA:389,0
DA:391,0
DA:393,0
DA:403,8
DA:404,1
DA:409,1
DA:410,0
DA:413,1
DA:414,1
DA:415,1
DA:417,1
DA:427,8
DA:428,1
DA:433,1
DA:434,0
DA:437,1
DA:438,1
DA:441,1
DA:446,1
DA:448,1
DA:449,0
DA:452,0
DA:453,0
DA:454,0
DA:455,0
DA:458,0
DA:459,0
DA:460,0
DA:461,0
DA:464,0
DA:468,1
DA:479,1
DA:490,8
DA:491,0
DA:493,0
DA:494,0
DA:497,0
DA:498,0
DA:499,0
DA:501,0
LF:144
LH:42
BRDA:20,0,0,0
BRDA:20,0,1,0
BRDA:21,1,0,0
BRDA:21,1,1,0
BRDA:22,2,0,0
BRDA:22,2,1,0
BRDA:23,3,0,0
BRDA:23,3,1,0
BRDA:24,4,0,0
BRDA:24,4,1,0
BRDA:49,5,0,0
BRDA:49,5,1,0
BRDA:79,6,0,1
BRDA:79,6,1,1
BRDA:87,7,0,0
BRDA:87,7,1,1
BRDA:114,8,0,0
BRDA:114,8,1,0
BRDA:114,9,0,0
BRDA:114,9,1,0
BRDA:114,9,2,0
BRDA:114,9,3,0
BRDA:117,10,0,0
BRDA:117,10,1,0
BRDA:119,11,0,0
BRDA:119,11,1,0
BRDA:120,12,0,0
BRDA:120,12,1,0
BRDA:121,13,0,0
BRDA:121,13,1,0
BRDA:136,14,0,0
BRDA:136,14,1,0
BRDA:148,15,0,0
BRDA:148,15,1,0
BRDA:169,16,0,0
BRDA:169,16,1,0
BRDA:213,17,0,0
BRDA:213,17,1,0
BRDA:219,18,0,0
BRDA:219,18,1,0
BRDA:288,19,0,0
BRDA:288,19,1,0
BRDA:319,20,0,0
BRDA:319,20,1,0
BRDA:320,21,0,0
BRDA:320,21,1,0
BRDA:355,22,0,0
BRDA:355,22,1,0
BRDA:355,23,0,0
BRDA:355,23,1,0
BRDA:355,23,2,0
BRDA:355,23,3,0
BRDA:355,23,4,0
BRDA:369,24,0,0
BRDA:369,24,1,0
BRDA:376,25,0,0
BRDA:376,25,1,0
BRDA:409,26,0,0
BRDA:409,26,1,1
BRDA:433,27,0,0
BRDA:433,27,1,1
BRDA:452,28,0,0
BRDA:452,28,1,0
BRDA:452,29,0,0
BRDA:452,29,1,0
BRDA:454,30,0,0
BRDA:454,30,1,0
BRDA:493,31,0,0
BRDA:493,31,1,0
BRF:69
BRH:5
end_of_record
TN:
SF:src\controllers\settings.controller.js
FN:9,(anonymous_0)
FN:14,(anonymous_1)
FN:32,(anonymous_2)
FN:51,(anonymous_3)
FN:86,(anonymous_4)
FN:105,(anonymous_5)
FN:174,(anonymous_6)
FNF:7
FNH:4
FNDA:1,(anonymous_0)
FNDA:7,(anonymous_1)
FNDA:0,(anonymous_2)
FNDA:1,(anonymous_3)
FNDA:0,(anonymous_4)
FNDA:1,(anonymous_5)
FNDA:0,(anonymous_6)
DA:1,8
DA:2,8
DA:3,8
DA:9,8
DA:10,1
DA:13,1
DA:14,1
DA:15,7
DA:22,1
DA:32,8
DA:33,0
DA:35,0
DA:37,0
DA:38,0
DA:41,0
DA:51,8
DA:52,1
DA:53,1
DA:55,1
DA:56,0
DA:59,1
DA:61,1
DA:62,0
DA:63,0
DA:64,0
DA:65,0
DA:67,1
DA:75,1
DA:86,8
DA:87,0
DA:89,0
DA:91,0
DA:92,0
DA:95,0
DA:105,8
DA:106,1
DA:146,1
DA:151,1
DA:152,7
DA:153,7
DA:154,7
DA:158,7
DA:160,0
DA:164,1
DA:174,8
DA:175,0
DA:176,0
LF:47
LH:29
BRDA:37,0,0,0
BRDA:37,0,1,0
BRDA:55,1,0,0
BRDA:55,1,1,1
BRDA:61,2,0,0
BRDA:61,2,1,1
BRDA:63,3,0,0
BRDA:63,3,1,0
BRDA:91,4,0,0
BRDA:91,4,1,0
BRDA:153,5,0,7
BRDA:153,5,1,0
BRDA:174,6,0,0
BRDA:176,7,0,0
BRDA:176,7,1,0
BRF:15
BRH:3
end_of_record
TN:
SF:src\controllers\students.controller.js
FN:10,(anonymous_0)
FN:27,(anonymous_1)
FN:28,(anonymous_2)
FN:45,(anonymous_3)
FN:83,(anonymous_4)
FN:105,(anonymous_5)
FN:123,(anonymous_6)
FN:163,(anonymous_7)
FN:187,(anonymous_8)
FN:221,(anonymous_9)
FN:283,(anonymous_10)
FN:300,(anonymous_11)
FN:342,(anonymous_12)
FN:375,(anonymous_13)
FN:410,(anonymous_14)
FNF:15
FNH:8
FNDA:1,(anonymous_0)
FNDA:4,(anonymous_1)
FNDA:1,(anonymous_2)
FNDA:3,(anonymous_3)
FNDA:0,(anonymous_4)
FNDA:1,(anonymous_5)
FNDA:1,(anonymous_6)
FNDA:0,(anonymous_7)
FNDA:0,(anonymous_8)
FNDA:0,(anonymous_9)
FNDA:0,(anonymous_10)
FNDA:1,(anonymous_11)
FNDA:0,(anonymous_12)
FNDA:1,(anonymous_13)
FNDA:0,(anonymous_14)
DA:1,8
DA:2,8
DA:3,8
DA:4,8
DA:10,8
DA:11,1
DA:13,1
DA:25,1
DA:27,4
DA:28,1
DA:29,1
DA:32,1
DA:45,8
DA:46,3
DA:48,3
DA:50,3
DA:51,0
DA:54,3
DA:55,2
DA:58,3
DA:59,0
DA:66,3
DA:67,3
DA:73,3
DA:83,8
DA:84,0
DA:91,0
DA:92,0
DA:95,0
DA:105,8
DA:106,1
DA:111,1
DA:113,1
DA:123,8
DA:124,1
DA:126,1
DA:127,0
DA:130,1
DA:135,1
DA:136,2
DA:137,2
DA:141,2
DA:146,0
DA:153,1
DA:163,8
DA:165,0
DA:167,0
DA:173,0
DA:174,0
DA:177,0
DA:187,8
DA:188,0
DA:190,0
DA:192,0
DA:193,0
DA:196,0
DA:197,0
DA:198,0
DA:199,0
DA:202,0
DA:203,0
DA:211,0
DA:221,8
DA:222,0
DA:224,0
DA:225,0
DA:226,0
DA:230,0
DA:234,0
DA:236,0
DA:237,0
DA:243,0
DA:250,0
DA:266,0
DA:283,8
DA:284,0
DA:286,0
DA:300,8
DA:301,1
DA:303,1
DA:304,0
DA:307,1
DA:308,0
DA:311,1
DA:313,1
DA:317,0
DA:322,1
DA:330,1
DA:332,1
DA:342,8
DA:347,0
DA:349,0
DA:354,0
DA:355,0
DA:358,0
DA:359,0
DA:365,0
DA:375,8
DA:376,1
DA:378,1
DA:379,0
DA:382,1
DA:383,0
DA:387,1
DA:393,1
DA:398,1
DA:400,1
DA:410,8
DA:411,0
DA:413,0
DA:415,0
DA:416,0
DA:419,0
DA:420,0
DA:423,0
DA:429,0
DA:431,0
LF:117
LH:59
BRDA:29,0,0,1
BRDA:29,0,1,0
BRDA:46,1,0,3
BRDA:46,2,0,3
BRDA:50,3,0,0
BRDA:50,3,1,3
BRDA:54,4,0,2
BRDA:54,4,1,1
BRDA:58,5,0,0
BRDA:58,5,1,3
BRDA:91,6,0,0
BRDA:91,6,1,0
BRDA:126,7,0,0
BRDA:126,7,1,1
BRDA:126,8,0,1
BRDA:126,8,1,1
BRDA:173,9,0,0
BRDA:173,9,1,0
BRDA:188,10,0,0
BRDA:188,11,0,0
BRDA:192,12,0,0
BRDA:192,12,1,0
BRDA:196,13,0,0
BRDA:196,13,1,0
BRDA:196,14,0,0
BRDA:196,14,1,0
BRDA:198,15,0,0
BRDA:198,15,1,0
BRDA:199,16,0,0
BRDA:199,16,1,0
BRDA:225,17,0,0
BRDA:225,17,1,0
BRDA:260,18,0,0
BRDA:260,18,1,0
BRDA:303,19,0,0
BRDA:303,19,1,1
BRDA:307,20,0,0
BRDA:307,20,1,1
BRDA:307,21,0,1
BRDA:307,21,1,1
BRDA:313,22,0,0
BRDA:313,22,1,1
BRDA:314,23,0,1
BRDA:314,23,1,0
BRDA:344,24,0,0
BRDA:345,25,0,0
BRDA:346,26,0,0
BRDA:354,27,0,0
BRDA:354,27,1,0
BRDA:378,28,0,0
BRDA:378,28,1,1
BRDA:382,29,0,0
BRDA:382,29,1,1
BRDA:415,30,0,0
BRDA:415,30,1,0
BRDA:419,31,0,0
BRDA:419,31,1,0
BRDA:426,32,0,0
BRDA:426,32,1,0
BRF:59
BRH:18
end_of_record
TN:
SF:src\controllers\users.controller.js
FN:9,(anonymous_0)
FN:39,(anonymous_1)
FN:74,(anonymous_2)
FN:93,(anonymous_3)
FN:106,(anonymous_4)
FN:130,(anonymous_5)
FNF:6
FNH:5
FNDA:1,(anonymous_0)
FNDA:2,(anonymous_1)
FNDA:0,(anonymous_2)
FNDA:1,(anonymous_3)
FNDA:1,(anonymous_4)
FNDA:1,(anonymous_5)
DA:1,8
DA:2,8
DA:3,8
DA:9,8
DA:10,1
DA:15,1
DA:29,1
DA:39,8
DA:40,2
DA:42,2
DA:44,2
DA:45,1
DA:48,2
DA:49,0
DA:57,2
DA:58,2
DA:64,2
DA:74,8
DA:75,0
DA:79,0
DA:80,0
DA:83,0
DA:93,8
DA:94,1
DA:96,1
DA:106,8
DA:108,1
DA:109,1
DA:111,1
DA:116,1
DA:117,0
DA:120,1
DA:130,8
DA:131,1
DA:137,1
DA:138,0
DA:141,1
LF:37
LH:30
BRDA:40,0,0,2
BRDA:40,1,0,2
BRDA:44,2,0,1
BRDA:44,2,1,1
BRDA:48,3,0,0
BRDA:48,3,1,2
BRDA:79,4,0,0
BRDA:79,4,1,0
BRDA:116,5,0,0
BRDA:116,5,1,1
BRDA:137,6,0,0
BRDA:137,6,1,1
BRF:12
BRH:7
end_of_record
TN:
SF:src\middlewares\ap.middleware.js
FN:9,(anonymous_0)
FNF:1
FNH:1
FNDA:3,(anonymous_0)
DA:1,8
DA:2,8
DA:3,8
DA:4,8
DA:9,8
DA:10,3
DA:12,3
DA:13,0
DA:17,3
DA:19,0
DA:20,0
DA:21,0
DA:24,0
DA:25,0
DA:27,0
DA:30,0
DA:31,0
DA:35,3
DA:37,3
DA:38,0
DA:42,3
DA:45,3
DA:47,3
DA:50,8
LF:24
LH:14
BRDA:12,0,0,0
BRDA:12,0,1,3
BRDA:17,1,0,0
BRDA:17,1,1,3
BRDA:20,2,0,0
BRDA:20,2,1,0
BRDA:24,3,0,0
BRDA:24,3,1,0
BRDA:37,4,0,0
BRDA:37,4,1,3
BRF:10
BRH:3
end_of_record
TN:
SF:src\middlewares\auth.middleware.js
FN:10,(anonymous_0)
FN:50,(anonymous_1)
FNF:2
FNH:1
FNDA:37,(anonymous_0)
FNDA:0,(anonymous_1)
DA:1,8
DA:2,8
DA:3,8
DA:4,8
DA:5,8
DA:10,8
DA:14,37
DA:15,0
DA:18,37
DA:22,36
DA:25,37
DA:26,1
DA:30,36
DA:33,36
DA:35,36
DA:36,0
DA:39,36
DA:40,0
DA:43,36
DA:44,36
DA:50,8
DA:54,0
DA:55,0
DA:58,0
DA:62,0
DA:65,0
DA:66,0
DA:67,0
DA:68,0
DA:74,0
DA:77,8
LF:31
LH:19
BRDA:14,0,0,0
BRDA:14,0,1,37
BRDA:18,1,0,36
BRDA:18,1,1,1
BRDA:19,2,0,37
BRDA:19,2,1,36
BRDA:25,3,0,1
BRDA:25,3,1,36
BRDA:35,4,0,0
BRDA:35,4,1,36
BRDA:39,5,0,0
BRDA:39,5,1,36
BRDA:54,6,0,0
BRDA:54,6,1,0
BRDA:58,7,0,0
BRDA:58,7,1,0
BRDA:59,8,0,0
BRDA:59,8,1,0
BRDA:65,9,0,0
BRDA:65,9,1,0
BRF:20
BRH:9
end_of_record
TN:
SF:src\middlewares\error.middleware.js
FN:8,(anonymous_0)
FN:32,(anonymous_1)
FN:81,(anonymous_2)
FNF:3
FNH:2
FNDA:7,(anonymous_0)
FNDA:0,(anonymous_1)
FNDA:1,(anonymous_2)
DA:1,8
DA:2,8
DA:8,8
DA:10,7
DA:11,0
DA:17,7
DA:20,7
DA:21,0
DA:25,7
DA:26,0
DA:27,0
DA:31,7
DA:32,0
DA:33,0
DA:37,7
DA:38,0
DA:41,7
DA:42,0
DA:46,7
DA:47,0
DA:51,7
DA:55,0
DA:59,7
DA:62,7
DA:71,7
DA:81,8
DA:82,1
DA:85,8
LF:28
LH:18
BRDA:10,0,0,0
BRDA:10,0,1,7
BRDA:20,1,0,0
BRDA:20,1,1,7
BRDA:25,2,0,0
BRDA:25,2,1,7
BRDA:26,3,0,0
BRDA:26,3,1,0
BRDA:31,4,0,0
BRDA:31,4,1,7
BRDA:32,5,0,0
BRDA:32,5,1,0
BRDA:33,6,0,0
BRDA:33,6,1,0
BRDA:37,7,0,0
BRDA:37,7,1,7
BRDA:41,8,0,0
BRDA:41,8,1,7
BRDA:46,9,0,0
BRDA:46,9,1,7
BRDA:46,10,0,7
BRDA:46,10,1,0
BRDA:46,10,2,0
BRDA:51,11,0,0
BRDA:51,11,1,7
BRDA:52,12,0,7
BRDA:52,12,1,7
BRDA:59,13,0,7
BRDA:59,13,1,0
BRDA:67,14,0,7
BRDA:67,14,1,0
BRDA:73,15,0,7
BRDA:73,15,1,0
BRDA:74,16,0,7
BRDA:74,16,1,0
BRF:35
BRH:15
end_of_record
TN:
SF:src\middlewares\index.js
FNF:0
FNH:0
DA:1,8
DA:9,8
DA:14,8
DA:15,8
DA:16,8
DA:18,8
LF:6
LH:6
BRF:0
BRH:0
end_of_record
TN:
SF:src\middlewares\role.middleware.js
FN:7,(anonymous_0)
FN:8,(anonymous_1)
FN:46,(anonymous_2)
FN:47,(anonymous_3)
FNF:4
FNH:2
FNDA:32,(anonymous_0)
FNDA:30,(anonymous_1)
FNDA:0,(anonymous_2)
FNDA:0,(anonymous_3)
DA:1,8
DA:2,8
DA:7,8
DA:8,32
DA:9,30
DA:10,0
DA:13,30
DA:14,1
DA:19,29
DA:26,8
DA:31,8
DA:36,8
DA:41,8
DA:46,8
DA:47,0
DA:48,0
DA:49,0
DA:52,0
DA:53,0
DA:54,0
DA:56,0
DA:57,0
DA:60,0
DA:64,8
LF:24
LH:14
BRDA:9,0,0,0
BRDA:9,0,1,30
BRDA:13,1,0,1
BRDA:13,1,1,29
BRDA:46,2,0,0
BRDA:48,3,0,0
BRDA:48,3,1,0
BRDA:56,4,0,0
BRDA:56,4,1,0
BRDA:56,5,0,0
BRDA:56,5,1,0
BRF:11
BRH:3
end_of_record
TN:
SF:src\middlewares\validate.middleware.js
FN:7,(anonymous_0)
FN:8,(anonymous_1)
FN:15,(anonymous_2)
FN:26,(anonymous_3)
FN:27,(anonymous_4)
FN:33,(anonymous_5)
FN:44,(anonymous_6)
FN:45,(anonymous_7)
FN:52,(anonymous_8)
FNF:9
FNH:2
FNDA:32,(anonymous_0)
FNDA:11,(anonymous_1)
FNDA:0,(anonymous_2)
FNDA:0,(anonymous_3)
FNDA:0,(anonymous_4)
FNDA:0,(anonymous_5)
FNDA:0,(anonymous_6)
FNDA:0,(anonymous_7)
FNDA:0,(anonymous_8)
DA:1,8
DA:2,8
DA:7,8
DA:8,32
DA:9,11
DA:14,11
DA:15,0
DA:16,0
DA:19,11
DA:26,8
DA:27,0
DA:28,0
DA:32,0
DA:33,0
DA:34,0
DA:37,0
DA:44,8
DA:45,0
DA:46,0
DA:51,0
DA:52,0
DA:53,0
DA:56,0
DA:60,8
LF:24
LH:10
BRDA:14,0,0,0
BRDA:14,0,1,11
BRDA:32,1,0,0
BRDA:32,1,1,0
BRDA:51,2,0,0
BRDA:51,2,1,0
BRF:6
BRH:1
end_of_record
TN:
SF:src\models\AttendanceRecord.js
FN:100,(anonymous_0)
FN:108,(anonymous_1)
FN:121,(anonymous_2)
FN:138,(anonymous_3)
FN:162,(anonymous_4)
FN:169,(anonymous_5)
FNF:6
FNH:0
FNDA:0,(anonymous_0)
FNDA:0,(anonymous_1)
FNDA:0,(anonymous_2)
FNDA:0,(anonymous_3)
FNDA:0,(anonymous_4)
FNDA:0,(anonymous_5)
DA:1,9
DA:2,9
DA:4,9
DA:12,9
DA:92,9
DA:96,9
DA:97,9
DA:100,9
DA:103,0
DA:104,0
DA:108,9
DA:111,0
DA:113,0
DA:114,0
DA:115,0
DA:117,0
DA:121,9
DA:122,0
DA:124,0
DA:125,0
DA:126,0
DA:129,0
DA:130,0
DA:133,0
DA:134,0
DA:138,9
DA:142,0
DA:144,0
DA:145,0
DA:150,0
DA:155,0
DA:156,0
DA:158,0
DA:162,9
DA:163,0
DA:164,0
DA:165,0
DA:169,9
DA:176,0
DA:178,0
DA:184,0
DA:185,0
DA:194,0
DA:197,0
DA:200,9
LF:45
LH:14
BRDA:101,0,0,0
BRDA:109,1,0,0
BRDA:111,2,0,0
BRDA:111,2,1,0
BRDA:114,3,0,0
BRDA:114,3,1,0
BRDA:126,4,0,0
BRDA:126,4,1,0
BRDA:140,5,0,0
BRDA:142,6,0,0
BRDA:142,6,1,0
BRDA:146,7,0,0
BRDA:146,7,1,0
BRDA:151,8,0,0
BRDA:151,8,1,0
BRDA:184,9,0,0
BRDA:184,9,1,0
BRF:17
BRH:0
end_of_record
TN:
SF:src\models\ConnectionLog.js
FNF:0
FNH:0
DA:1,9
DA:2,9
DA:4,9
DA:57,9
DA:58,9
DA:59,9
DA:61,9
LF:7
LH:7
BRF:0
BRH:0
end_of_record
TN:
SF:src\models\Course.js
FNF:0
FNH:0
DA:1,9
DA:3,9
DA:59,9
DA:60,9
DA:61,9
DA:63,9
LF:6
LH:6
BRF:0
BRH:0
end_of_record
TN:
SF:src\models\Department.js
FNF:0
FNH:0
DA:1,9
DA:3,9
DA:29,9
LF:3
LH:3
BRF:0
BRH:0
end_of_record
TN:
SF:src\models\Hall.js
FN:52,(anonymous_0)
FN:59,(anonymous_1)
FN:70,(anonymous_2)
FNF:3
FNH:2
FNDA:6,(anonymous_0)
FNDA:0,(anonymous_1)
FNDA:3,(anonymous_2)
DA:1,9
DA:3,9
DA:52,9
DA:53,6
DA:54,6
DA:55,6
DA:59,9
DA:60,0
DA:69,9
DA:71,3
DA:72,0
DA:74,3
DA:78,9
LF:13
LH:11
BRDA:52,0,0,0
BRDA:71,1,0,0
BRDA:71,1,1,3
BRF:3
BRH:1
end_of_record
TN:
SF:src\models\Lecture.js
FN:86,(anonymous_0)
FN:94,(anonymous_1)
FN:109,(anonymous_2)
FNF:3
FNH:2
FNDA:5,(anonymous_0)
FNDA:0,(anonymous_1)
FNDA:2,(anonymous_2)
DA:1,9
DA:3,9
DA:81,9
DA:82,9
DA:83,9
DA:86,9
DA:87,5
DA:88,5
DA:89,5
DA:90,5
DA:94,9
DA:95,0
DA:96,0
DA:97,0
DA:99,0
DA:100,0
DA:101,0
DA:102,0
DA:103,0
DA:105,0
DA:109,9
DA:113,2
DA:114,2
DA:115,2
DA:116,2
DA:121,2
DA:139,9
DA:140,9
DA:142,9
LF:29
LH:20
BRDA:87,0,0,0
BRDA:87,0,1,5
BRDA:87,1,0,5
BRDA:87,1,1,5
BRDA:94,2,0,0
BRDA:95,3,0,0
BRDA:95,3,1,0
BRDA:95,4,0,0
BRDA:95,4,1,0
BRDA:97,5,0,0
BRDA:97,5,1,0
BRDA:105,6,0,0
BRDA:105,6,1,0
BRDA:111,7,0,2
BRF:14
BRH:4
end_of_record
TN:
SF:src\models\RefreshToken.js
FN:31,(anonymous_0)
FNF:1
FNH:1
FNDA:1,(anonymous_0)
DA:1,9
DA:3,9
DA:27,9
DA:28,9
DA:31,9
DA:32,1
DA:35,9
LF:7
LH:7
BRF:0
BRH:0
end_of_record
TN:
SF:src\models\Setting.js
FN:30,(anonymous_0)
FN:36,(anonymous_1)
FNF:2
FNH:0
FNDA:0,(anonymous_0)
FNDA:0,(anonymous_1)
DA:1,9
DA:3,9
DA:30,9
DA:31,0
DA:32,0
DA:36,9
DA:42,0
DA:49,9
LF:8
LH:5
BRDA:30,0,0,0
BRDA:32,1,0,0
BRDA:32,1,1,0
BRF:3
BRH:0
end_of_record
TN:
SF:src\models\StudentSession.js
FN:58,(anonymous_0)
FN:63,(anonymous_1)
FN:68,(anonymous_2)
FNF:3
FNH:0
FNDA:0,(anonymous_0)
FNDA:0,(anonymous_1)
FNDA:0,(anonymous_2)
DA:1,9
DA:3,9
DA:53,9
DA:54,9
DA:55,9
DA:58,9
DA:59,0
DA:63,9
DA:64,0
DA:68,9
DA:69,0
DA:70,0
DA:73,9
LF:13
LH:9
BRF:0
BRH:0
end_of_record
TN:
SF:src\models\User.js
FN:126,(anonymous_0)
FN:131,(anonymous_1)
FN:137,(anonymous_2)
FN:142,(anonymous_3)
FN:161,(anonymous_4)
FN:173,(anonymous_5)
FNF:6
FNH:4
FNDA:23,(anonymous_0)
FNDA:114,(anonymous_1)
FNDA:10,(anonymous_2)
FNDA:0,(anonymous_3)
FNDA:0,(anonymous_4)
FNDA:3,(anonymous_5)
DA:1,9
DA:2,9
DA:3,9
DA:5,9
DA:120,9
DA:121,9
DA:122,9
DA:123,9
DA:126,9
DA:127,23
DA:131,9
DA:132,114
DA:133,104
DA:137,9
DA:138,10
DA:142,9
DA:143,0
DA:145,0
DA:148,0
DA:149,0
DA:153,0
DA:154,0
DA:157,0
DA:161,9
DA:162,0
DA:173,9
DA:174,3
DA:176,3
DA:179,3
DA:184,3
DA:185,3
DA:189,3
DA:193,0
DA:197,0
DA:198,0
DA:204,0
DA:208,0
DA:213,0
DA:214,0
DA:219,0
DA:225,0
DA:229,9
DA:230,9
DA:232,9
LF:44
LH:27
BRDA:132,0,0,10
BRDA:132,0,1,104
BRDA:143,1,0,0
BRDA:143,1,1,0
BRDA:143,2,0,0
BRDA:143,2,1,0
BRDA:148,3,0,0
BRDA:148,3,1,0
BRDA:148,4,0,0
BRDA:148,4,1,0
BRDA:153,5,0,0
BRDA:153,5,1,0
BRDA:153,6,0,0
BRDA:153,6,1,0
BRDA:174,7,0,0
BRDA:174,7,1,3
BRDA:184,8,0,3
BRDA:184,8,1,0
BRDA:197,9,0,0
BRDA:197,9,1,0
BRDA:213,10,0,0
BRDA:213,10,1,0
BRF:22
BRH:4
end_of_record
TN:
SF:src\models\index.js
FNF:0
FNH:0
DA:1,9
DA:2,9
DA:3,9
DA:4,9
DA:5,9
DA:6,9
DA:7,9
DA:8,9
DA:9,9
DA:10,9
DA:13,9
DA:14,9
DA:16,9
LF:13
LH:13
BRDA:13,0,0,9
BRDA:13,0,1,9
BRDA:14,1,0,9
BRDA:14,1,1,9
BRF:4
BRH:4
end_of_record
TN:
SF:src\routes\ai.routes.js
FNF:0
FNH:0
DA:1,8
DA:2,8
DA:3,8
DA:4,8
DA:7,8
DA:9,8
LF:6
LH:6
BRF:0
BRH:0
end_of_record
TN:
SF:src\routes\attendance.routes.js
FNF:0
FNH:0
DA:1,8
DA:2,8
DA:3,8
DA:4,8
DA:6,8
DA:57,8
DA:96,8
DA:143,8
DA:186,8
DA:212,8
DA:258,8
DA:273,8
DA:288,8
DA:303,8
DA:318,8
DA:333,8
DA:344,8
DA:355,8
DA:357,8
LF:19
LH:19
BRF:0
BRH:0
end_of_record
TN:
SF:src\routes\auth.routes.js
FNF:0
FNH:0
DA:1,8
DA:2,8
DA:3,8
DA:4,8
DA:5,8
DA:6,8
DA:10,8
DA:13,8
DA:60,8
DA:80,8
DA:95,8
DA:141,8
DA:172,8
DA:198,8
DA:226,8
DA:251,8
DA:254,8
DA:270,8
DA:303,8
DA:309,8
LF:20
LH:20
BRF:0
BRH:0
end_of_record
TN:
SF:src\routes\connections.routes.js
FNF:0
FNH:0
DA:1,8
DA:2,8
DA:3,8
DA:4,8
DA:46,8
DA:53,8
DA:54,8
DA:102,8
DA:116,8
DA:141,8
DA:163,8
DA:165,8
LF:12
LH:12
BRF:0
BRH:0
end_of_record
TN:
SF:src\routes\courses.routes.js
FNF:0
FNH:0
DA:1,8
DA:2,8
DA:3,8
DA:4,8
DA:6,8
DA:33,8
DA:55,8
DA:75,8
DA:100,8
DA:124,8
DA:170,8
DA:218,8
DA:219,8
DA:253,8
DA:264,8
DA:275,8
DA:286,8
DA:297,8
DA:326,8
DA:332,8
LF:20
LH:20
BRF:0
BRH:0
end_of_record
TN:
SF:src\routes\dashboard.routes.js
FNF:0
FNH:0
DA:1,8
DA:2,8
DA:3,8
DA:4,8
DA:7,8
DA:58,8
DA:72,8
DA:92,8
DA:110,8
DA:112,8
LF:10
LH:10
BRF:0
BRH:0
end_of_record
TN:
SF:src\routes\departments.routes.js
FNF:0
FNH:0
DA:1,8
DA:2,8
DA:3,8
DA:4,8
DA:6,8
DA:31,8
DA:53,8
DA:89,8
DA:137,8
DA:138,8
DA:140,8
LF:11
LH:11
BRF:0
BRH:0
end_of_record
TN:
SF:src\routes\doctors.routes.js
FNF:0
FNH:0
DA:1,8
DA:2,8
DA:3,8
DA:4,8
DA:6,8
DA:26,8
DA:46,8
DA:75,8
DA:111,8
DA:173,8
DA:174,8
DA:175,8
DA:186,8
DA:188,8
LF:14
LH:14
BRF:0
BRH:0
end_of_record
TN:
SF:src\routes\halls.routes.js
FNF:0
FNH:0
DA:1,8
DA:2,8
DA:3,8
DA:4,8
DA:6,8
DA:30,8
DA:52,8
DA:72,8
DA:125,8
DA:173,8
DA:174,8
DA:208,8
DA:210,8
LF:13
LH:13
BRF:0
BRH:0
end_of_record
TN:
SF:src\routes\lectures.routes.js
FNF:0
FNH:0
DA:1,8
DA:2,8
DA:3,8
DA:4,8
DA:6,8
DA:35,8
DA:49,8
DA:64,8
DA:79,8
DA:101,8
DA:153,8
DA:164,8
DA:182,8
DA:202,8
DA:213,8
DA:224,8
DA:235,8
DA:285,8
DA:286,8
DA:288,8
LF:20
LH:20
BRF:0
BRH:0
end_of_record
TN:
SF:src\routes\settings.routes.js
FNF:0
FNH:0
DA:1,8
DA:2,8
DA:3,8
DA:4,8
DA:6,8
DA:7,8
DA:21,8
DA:53,8
DA:120,8
DA:121,8
DA:122,8
DA:124,8
LF:12
LH:12
BRF:0
BRH:0
end_of_record
TN:
SF:src\routes\students.routes.js
FNF:0
FNH:0
DA:1,8
DA:2,8
DA:3,8
DA:9,8
DA:11,8
DA:27,8
DA:56,8
DA:74,8
DA:107,8
DA:127,8
DA:151,8
DA:183,8
DA:209,8
DA:233,8
DA:257,8
DA:304,8
DA:345,8
DA:377,8
DA:379,8
LF:19
LH:19
BRF:0
BRH:0
end_of_record
TN:
SF:src\routes\users.routes.js
FNF:0
FNH:0
DA:1,8
DA:2,8
DA:3,8
DA:4,8
DA:6,8
DA:31,8
DA:34,8
DA:117,8
DA:187,8
DA:193,8
LF:10
LH:10
BRF:0
BRH:0
end_of_record
TN:
SF:src\services\ai.service.js
FN:20,(anonymous_0)
FN:31,(anonymous_1)
FN:61,(anonymous_2)
FN:81,(anonymous_3)
FN:104,(anonymous_4)
FN:117,(anonymous_5)
FN:139,(anonymous_6)
FN:163,(anonymous_7)
FN:180,(anonymous_8)
FN:296,(anonymous_9)
FN:319,(anonymous_10)
FNF:11
FNH:0
FNDA:0,(anonymous_0)
FNDA:0,(anonymous_1)
FNDA:0,(anonymous_2)
FNDA:0,(anonymous_3)
FNDA:0,(anonymous_4)
FNDA:0,(anonymous_5)
FNDA:0,(anonymous_6)
FNDA:0,(anonymous_7)
FNDA:0,(anonymous_8)
FNDA:0,(anonymous_9)
FNDA:0,(anonymous_10)
DA:1,8
DA:2,8
DA:9,8
DA:10,8
DA:12,8
DA:19,8
DA:21,0
DA:22,0
DA:23,0
DA:24,0
DA:25,0
DA:26,0
DA:29,0
DA:30,0
DA:31,0
DA:32,0
DA:36,0
DA:43,0
DA:44,0
DA:45,0
DA:49,0
DA:57,0
DA:58,0
DA:62,0
DA:63,0
DA:65,0
DA:66,0
DA:67,0
DA:68,0
DA:72,0
DA:77,0
DA:78,0
DA:82,0
DA:84,0
DA:85,0
DA:88,0
DA:89,0
DA:90,0
DA:91,0
DA:92,0
DA:94,0
DA:95,0
DA:102,0
DA:103,0
DA:104,0
DA:105,0
DA:106,0
DA:109,0
DA:113,0
DA:114,0
DA:118,0
DA:119,0
DA:120,0
DA:123,0
DA:124,0
DA:126,0
DA:127,0
DA:130,0
DA:135,0
DA:136,0
DA:140,0
DA:141,0
DA:142,0
DA:145,0
DA:146,0
DA:149,0
DA:150,0
DA:153,0
DA:154,0
DA:155,0
DA:156,0
DA:157,0
DA:159,0
DA:160,0
DA:164,0
DA:165,0
DA:168,0
DA:169,0
DA:170,0
DA:171,0
DA:174,0
DA:175,0
DA:178,0
DA:179,0
DA:180,0
DA:182,0
DA:183,0
DA:184,0
DA:188,0
DA:192,0
DA:199,0
DA:200,0
DA:203,0
DA:204,0
DA:211,8
DA:296,8
DA:297,0
DA:298,0
DA:301,0
DA:319,0
DA:325,0
DA:326,0
DA:327,0
DA:334,0
DA:335,0
DA:337,0
DA:338,0
DA:339,0
DA:340,0
DA:342,0
DA:343,0
DA:345,0
DA:346,0
DA:350,0
DA:351,0
DA:355,0
DA:357,0
DA:358,0
DA:360,0
DA:367,0
DA:370,0
DA:373,0
DA:376,0
DA:377,0
DA:381,8
LF:125
LH:9
BRDA:22,0,0,0
BRDA:22,0,1,0
BRDA:29,1,0,0
BRDA:29,1,1,0
BRDA:43,2,0,0
BRDA:43,2,1,0
BRDA:52,3,0,0
BRDA:52,3,1,0
BRDA:65,4,0,0
BRDA:65,4,1,0
BRDA:67,5,0,0
BRDA:67,5,1,0
BRDA:68,6,0,0
BRDA:68,6,1,0
BRDA:84,7,0,0
BRDA:84,7,1,0
BRDA:89,8,0,0
BRDA:89,8,1,0
BRDA:90,9,0,0
BRDA:90,9,1,0
BRDA:92,10,0,0
BRDA:92,10,1,0
BRDA:94,11,0,0
BRDA:94,11,1,0
BRDA:102,12,0,0
BRDA:102,12,1,0
BRDA:120,13,0,0
BRDA:120,13,1,0
BRDA:123,14,0,0
BRDA:123,14,1,0
BRDA:123,15,0,0
BRDA:123,15,1,0
BRDA:126,16,0,0
BRDA:126,16,1,0
BRDA:141,17,0,0
BRDA:141,17,1,0
BRDA:146,18,0,0
BRDA:146,18,1,0
BRDA:149,19,0,0
BRDA:149,19,1,0
BRDA:149,20,0,0
BRDA:149,20,1,0
BRDA:154,21,0,0
BRDA:154,21,1,0
BRDA:168,22,0,0
BRDA:168,22,1,0
BRDA:170,23,0,0
BRDA:170,23,1,0
BRDA:175,24,0,0
BRDA:175,24,1,0
BRDA:178,25,0,0
BRDA:178,25,1,0
BRDA:182,26,0,0
BRDA:182,26,1,0
BRDA:183,27,0,0
BRDA:183,27,1,0
BRDA:199,28,0,0
BRDA:199,28,1,0
BRDA:296,29,0,0
BRDA:298,30,0,0
BRDA:298,30,1,0
BRDA:320,31,0,0
BRDA:320,31,1,0
BRDA:321,32,0,0
BRDA:321,32,1,0
BRDA:337,33,0,0
BRDA:337,33,1,0
BRDA:343,34,0,0
BRDA:343,34,1,0
BRDA:350,35,0,0
BRDA:350,35,1,0
BRDA:350,36,0,0
BRDA:350,36,1,0
BRF:73
BRH:0
end_of_record
TN:
SF:src\utils\ApiError.js
FN:2,(anonymous_0)
FN:13,(anonymous_1)
FN:14,(anonymous_2)
FN:16,(anonymous_3)
FN:17,(anonymous_4)
FN:18,(anonymous_5)
FN:19,(anonymous_6)
FNF:7
FNH:5
FNDA:7,(anonymous_0)
FNDA:0,(anonymous_1)
FNDA:2,(anonymous_2)
FNDA:3,(anonymous_3)
FNDA:1,(anonymous_4)
FNDA:1,(anonymous_5)
FNDA:0,(anonymous_6)
DA:3,7
DA:4,7
DA:5,7
DA:6,7
DA:8,7
DA:13,8
DA:14,8
DA:15,2
DA:16,8
DA:17,8
DA:18,8
DA:19,8
DA:20,0
DA:22,8
LF:14
LH:13
BRDA:5,0,0,7
BRDA:5,0,1,0
BRDA:13,1,0,0
BRDA:14,2,0,0
BRDA:16,3,0,0
BRDA:17,4,0,0
BRDA:18,5,0,0
BRDA:19,6,0,0
BRF:8
BRH:1
end_of_record
TN:
SF:src\utils\helpers.js
FN:4,(anonymous_0)
FN:5,(anonymous_1)
FN:13,(anonymous_2)
FN:22,(anonymous_3)
FN:30,(anonymous_4)
FN:40,(anonymous_5)
FN:47,(anonymous_6)
FN:54,(anonymous_7)
FN:62,(anonymous_8)
FN:70,(anonymous_9)
FNF:10
FNH:6
FNDA:856,(anonymous_0)
FNDA:87,(anonymous_1)
FNDA:10,(anonymous_2)
FNDA:0,(anonymous_3)
FNDA:0,(anonymous_4)
FNDA:0,(anonymous_5)
FNDA:1,(anonymous_6)
FNDA:3,(anonymous_7)
FNDA:0,(anonymous_8)
FNDA:8,(anonymous_9)
DA:4,8
DA:5,856
DA:6,87
DA:13,8
DA:14,10
DA:15,10
DA:16,10
DA:22,8
DA:23,0
DA:24,0
DA:30,8
DA:31,0
DA:32,0
DA:33,0
DA:34,0
DA:40,8
DA:41,0
DA:47,8
DA:48,1
DA:54,8
DA:55,3
DA:56,3
DA:62,8
DA:63,0
DA:64,0
DA:70,8
DA:71,8
DA:84,8
LF:28
LH:19
BRDA:55,0,0,0
BRDA:55,0,1,3
BRDA:62,1,0,0
BRDA:62,2,0,0
BRF:4
BRH:1
end_of_record
TN:
SF:src\validators\auth.validator.js
FNF:0
FNH:0
DA:1,8
DA:3,8
DA:13,8
DA:24,8
LF:4
LH:4
BRF:0
BRH:0
end_of_record
